{
	"/Users/primary/Projects/audits/0x/system_audit/packages/contracts/src/1.0.0/Ownable/Ownable_v1.sol": {
		"fnMap": {
			"0": {
				"name": "Ownable_v1",
				"line": 13,
				"loc": {
					"start": {
						"line": 13,
						"column": 4
					},
					"end": {
						"line": 15,
						"column": 5
					}
				}
			},
			"3": {
				"name": "onlyOwner",
				"line": 17,
				"loc": {
					"start": {
						"line": 17,
						"column": 4
					},
					"end": {
						"line": 20,
						"column": 5
					}
				}
			},
			"7": {
				"name": "transferOwnership",
				"line": 22,
				"loc": {
					"start": {
						"line": 22,
						"column": 4
					},
					"end": {
						"line": 26,
						"column": 5
					}
				}
			}
		},
		"branchMap": {
			"10": {
				"line": 23,
				"type": "if",
				"locations": [
					{
						"start": {
							"line": 23,
							"column": 36
						},
						"end": {
							"line": 25,
							"column": 9
						}
					},
					{
						"start": {
							"line": 23,
							"column": 8
						},
						"end": {
							"line": 25,
							"column": 9
						}
					}
				]
			}
		},
		"statementMap": {
			"1": {
				"start": {
					"line": 13,
					"column": 4
				},
				"end": {
					"line": 15,
					"column": 5
				}
			},
			"2": {
				"start": {
					"line": 14,
					"column": 8
				},
				"end": {
					"line": 14,
					"column": 26
				}
			},
			"4": {
				"start": {
					"line": 17,
					"column": 4
				},
				"end": {
					"line": 20,
					"column": 5
				}
			},
			"5": {
				"start": {
					"line": 18,
					"column": 8
				},
				"end": {
					"line": 18,
					"column": 36
				}
			},
			"6": {
				"start": {
					"line": 19,
					"column": 8
				},
				"end": {
					"line": 19,
					"column": 9
				}
			},
			"8": {
				"start": {
					"line": 22,
					"column": 4
				},
				"end": {
					"line": 26,
					"column": 5
				}
			},
			"9": {
				"start": {
					"line": 23,
					"column": 8
				},
				"end": {
					"line": 25,
					"column": 9
				}
			},
			"11": {
				"start": {
					"line": 24,
					"column": 12
				},
				"end": {
					"line": 24,
					"column": 28
				}
			},
			"12": {
				"start": {
					"line": 22,
					"column": 49
				},
				"end": {
					"line": 22,
					"column": 58
				}
			}
		},
		"modifiersStatementIds": [
			12
		],
		"path": "/Users/primary/Projects/audits/0x/system_audit/packages/contracts/src/1.0.0/Ownable/Ownable_v1.sol",
		"f": {
			"0": 1,
			"3": 38,
			"7": 1
		},
		"s": {
			"1": 1,
			"2": 1,
			"4": 38,
			"5": 38,
			"6": 24,
			"8": 1,
			"9": 1,
			"11": 0,
			"12": 1
		},
		"b": {
			"10": [
				0,
				1
			]
		},
		"l": {
			"13": 1,
			"14": 1,
			"17": 38,
			"18": 38,
			"19": 24,
			"22": 1,
			"23": 1,
			"24": 0
		}
	},
	"/Users/primary/Projects/audits/0x/system_audit/packages/contracts/src/1.0.0/TokenRegistry/TokenRegistry.sol": {
		"fnMap": {
			"0": {
				"name": "tokenExists",
				"line": 65,
				"loc": {
					"start": {
						"line": 65,
						"column": 4
					},
					"end": {
						"line": 68,
						"column": 5
					}
				}
			},
			"4": {
				"name": "tokenDoesNotExist",
				"line": 70,
				"loc": {
					"start": {
						"line": 70,
						"column": 4
					},
					"end": {
						"line": 73,
						"column": 5
					}
				}
			},
			"8": {
				"name": "nameDoesNotExist",
				"line": 75,
				"loc": {
					"start": {
						"line": 75,
						"column": 4
					},
					"end": {
						"line": 78,
						"column": 5
					}
				}
			},
			"12": {
				"name": "symbolDoesNotExist",
				"line": 80,
				"loc": {
					"start": {
						"line": 80,
						"column": 4
					},
					"end": {
						"line": 83,
						"column": 5
					}
				}
			},
			"16": {
				"name": "addressNotNull",
				"line": 85,
				"loc": {
					"start": {
						"line": 85,
						"column": 4
					},
					"end": {
						"line": 88,
						"column": 5
					}
				}
			},
			"20": {
				"name": "addToken",
				"line": 98,
				"loc": {
					"start": {
						"line": 98,
						"column": 4
					},
					"end": {
						"line": 131,
						"column": 5
					}
				}
			},
			"32": {
				"name": "removeToken",
				"line": 135,
				"loc": {
					"start": {
						"line": 135,
						"column": 4
					},
					"end": {
						"line": 157,
						"column": 5
					}
				}
			},
			"44": {
				"name": "setTokenName",
				"line": 162,
				"loc": {
					"start": {
						"line": 162,
						"column": 4
					},
					"end": {
						"line": 173,
						"column": 5
					}
				}
			},
			"54": {
				"name": "setTokenSymbol",
				"line": 178,
				"loc": {
					"start": {
						"line": 178,
						"column": 4
					},
					"end": {
						"line": 189,
						"column": 5
					}
				}
			},
			"64": {
				"name": "setTokenIpfsHash",
				"line": 194,
				"loc": {
					"start": {
						"line": 194,
						"column": 4
					},
					"end": {
						"line": 202,
						"column": 5
					}
				}
			},
			"71": {
				"name": "setTokenSwarmHash",
				"line": 207,
				"loc": {
					"start": {
						"line": 207,
						"column": 4
					},
					"end": {
						"line": 215,
						"column": 5
					}
				}
			},
			"78": {
				"name": "getTokenAddressBySymbol",
				"line": 224,
				"loc": {
					"start": {
						"line": 224,
						"column": 4
					},
					"end": {
						"line": 226,
						"column": 5
					}
				}
			},
			"81": {
				"name": "getTokenAddressByName",
				"line": 231,
				"loc": {
					"start": {
						"line": 231,
						"column": 4
					},
					"end": {
						"line": 233,
						"column": 5
					}
				}
			},
			"84": {
				"name": "getTokenMetaData",
				"line": 238,
				"loc": {
					"start": {
						"line": 238,
						"column": 4
					},
					"end": {
						"line": 259,
						"column": 5
					}
				}
			},
			"88": {
				"name": "getTokenByName",
				"line": 264,
				"loc": {
					"start": {
						"line": 264,
						"column": 4
					},
					"end": {
						"line": 278,
						"column": 5
					}
				}
			},
			"92": {
				"name": "getTokenBySymbol",
				"line": 283,
				"loc": {
					"start": {
						"line": 283,
						"column": 4
					},
					"end": {
						"line": 297,
						"column": 5
					}
				}
			},
			"96": {
				"name": "getTokenAddresses",
				"line": 301,
				"loc": {
					"start": {
						"line": 301,
						"column": 4
					},
					"end": {
						"line": 307,
						"column": 5
					}
				}
			}
		},
		"branchMap": {},
		"statementMap": {
			"1": {
				"start": {
					"line": 65,
					"column": 4
				},
				"end": {
					"line": 68,
					"column": 5
				}
			},
			"2": {
				"start": {
					"line": 66,
					"column": 8
				},
				"end": {
					"line": 66,
					"column": 51
				}
			},
			"3": {
				"start": {
					"line": 67,
					"column": 8
				},
				"end": {
					"line": 67,
					"column": 9
				}
			},
			"5": {
				"start": {
					"line": 70,
					"column": 4
				},
				"end": {
					"line": 73,
					"column": 5
				}
			},
			"6": {
				"start": {
					"line": 71,
					"column": 8
				},
				"end": {
					"line": 71,
					"column": 51
				}
			},
			"7": {
				"start": {
					"line": 72,
					"column": 8
				},
				"end": {
					"line": 72,
					"column": 9
				}
			},
			"9": {
				"start": {
					"line": 75,
					"column": 4
				},
				"end": {
					"line": 78,
					"column": 5
				}
			},
			"10": {
				"start": {
					"line": 76,
					"column": 8
				},
				"end": {
					"line": 76,
					"column": 49
				}
			},
			"11": {
				"start": {
					"line": 77,
					"column": 8
				},
				"end": {
					"line": 77,
					"column": 9
				}
			},
			"13": {
				"start": {
					"line": 80,
					"column": 4
				},
				"end": {
					"line": 83,
					"column": 5
				}
			},
			"14": {
				"start": {
					"line": 81,
					"column": 8
				},
				"end": {
					"line": 81,
					"column": 53
				}
			},
			"15": {
				"start": {
					"line": 82,
					"column": 8
				},
				"end": {
					"line": 82,
					"column": 9
				}
			},
			"17": {
				"start": {
					"line": 85,
					"column": 4
				},
				"end": {
					"line": 88,
					"column": 5
				}
			},
			"18": {
				"start": {
					"line": 86,
					"column": 8
				},
				"end": {
					"line": 86,
					"column": 39
				}
			},
			"19": {
				"start": {
					"line": 87,
					"column": 8
				},
				"end": {
					"line": 87,
					"column": 9
				}
			},
			"21": {
				"start": {
					"line": 98,
					"column": 4
				},
				"end": {
					"line": 131,
					"column": 5
				}
			},
			"22": {
				"start": {
					"line": 112,
					"column": 8
				},
				"end": {
					"line": 119,
					"column": 10
				}
			},
			"23": {
				"start": {
					"line": 120,
					"column": 8
				},
				"end": {
					"line": 120,
					"column": 35
				}
			},
			"24": {
				"start": {
					"line": 121,
					"column": 8
				},
				"end": {
					"line": 121,
					"column": 39
				}
			},
			"25": {
				"start": {
					"line": 122,
					"column": 8
				},
				"end": {
					"line": 122,
					"column": 35
				}
			},
			"26": {
				"start": {
					"line": 123,
					"column": 8
				},
				"end": {
					"line": 130,
					"column": 9
				}
			},
			"27": {
				"start": {
					"line": 106,
					"column": 8
				},
				"end": {
					"line": 106,
					"column": 17
				}
			},
			"28": {
				"start": {
					"line": 107,
					"column": 8
				},
				"end": {
					"line": 107,
					"column": 33
				}
			},
			"29": {
				"start": {
					"line": 108,
					"column": 8
				},
				"end": {
					"line": 108,
					"column": 30
				}
			},
			"30": {
				"start": {
					"line": 109,
					"column": 8
				},
				"end": {
					"line": 109,
					"column": 35
				}
			},
			"31": {
				"start": {
					"line": 110,
					"column": 8
				},
				"end": {
					"line": 110,
					"column": 31
				}
			},
			"33": {
				"start": {
					"line": 135,
					"column": 4
				},
				"end": {
					"line": 157,
					"column": 5
				}
			},
			"34": {
				"start": {
					"line": 140,
					"column": 8
				},
				"end": {
					"line": 140,
					"column": 49
				}
			},
			"35": {
				"start": {
					"line": 142,
					"column": 8
				},
				"end": {
					"line": 142,
					"column": 74
				}
			},
			"36": {
				"start": {
					"line": 143,
					"column": 8
				},
				"end": {
					"line": 143,
					"column": 34
				}
			},
			"37": {
				"start": {
					"line": 145,
					"column": 8
				},
				"end": {
					"line": 145,
					"column": 53
				}
			},
			"38": {
				"start": {
					"line": 146,
					"column": 8
				},
				"end": {
					"line": 153,
					"column": 9
				}
			},
			"39": {
				"start": {
					"line": 154,
					"column": 8
				},
				"end": {
					"line": 154,
					"column": 42
				}
			},
			"40": {
				"start": {
					"line": 155,
					"column": 8
				},
				"end": {
					"line": 155,
					"column": 38
				}
			},
			"41": {
				"start": {
					"line": 156,
					"column": 8
				},
				"end": {
					"line": 156,
					"column": 29
				}
			},
			"42": {
				"start": {
					"line": 137,
					"column": 8
				},
				"end": {
					"line": 137,
					"column": 17
				}
			},
			"43": {
				"start": {
					"line": 138,
					"column": 8
				},
				"end": {
					"line": 138,
					"column": 27
				}
			},
			"45": {
				"start": {
					"line": 162,
					"column": 4
				},
				"end": {
					"line": 173,
					"column": 5
				}
			},
			"46": {
				"start": {
					"line": 168,
					"column": 8
				},
				"end": {
					"line": 168,
					"column": 53
				}
			},
			"47": {
				"start": {
					"line": 169,
					"column": 8
				},
				"end": {
					"line": 169,
					"column": 53
				}
			},
			"48": {
				"start": {
					"line": 170,
					"column": 8
				},
				"end": {
					"line": 170,
					"column": 38
				}
			},
			"49": {
				"start": {
					"line": 171,
					"column": 8
				},
				"end": {
					"line": 171,
					"column": 35
				}
			},
			"50": {
				"start": {
					"line": 172,
					"column": 8
				},
				"end": {
					"line": 172,
					"column": 26
				}
			},
			"51": {
				"start": {
					"line": 164,
					"column": 8
				},
				"end": {
					"line": 164,
					"column": 17
				}
			},
			"52": {
				"start": {
					"line": 165,
					"column": 8
				},
				"end": {
					"line": 165,
					"column": 27
				}
			},
			"53": {
				"start": {
					"line": 166,
					"column": 8
				},
				"end": {
					"line": 166,
					"column": 31
				}
			},
			"55": {
				"start": {
					"line": 178,
					"column": 4
				},
				"end": {
					"line": 189,
					"column": 5
				}
			},
			"56": {
				"start": {
					"line": 184,
					"column": 8
				},
				"end": {
					"line": 184,
					"column": 53
				}
			},
			"57": {
				"start": {
					"line": 185,
					"column": 8
				},
				"end": {
					"line": 185,
					"column": 59
				}
			},
			"58": {
				"start": {
					"line": 186,
					"column": 8
				},
				"end": {
					"line": 186,
					"column": 42
				}
			},
			"59": {
				"start": {
					"line": 187,
					"column": 8
				},
				"end": {
					"line": 187,
					"column": 39
				}
			},
			"60": {
				"start": {
					"line": 188,
					"column": 8
				},
				"end": {
					"line": 188,
					"column": 30
				}
			},
			"61": {
				"start": {
					"line": 180,
					"column": 8
				},
				"end": {
					"line": 180,
					"column": 17
				}
			},
			"62": {
				"start": {
					"line": 181,
					"column": 8
				},
				"end": {
					"line": 181,
					"column": 27
				}
			},
			"63": {
				"start": {
					"line": 182,
					"column": 8
				},
				"end": {
					"line": 182,
					"column": 35
				}
			},
			"65": {
				"start": {
					"line": 194,
					"column": 4
				},
				"end": {
					"line": 202,
					"column": 5
				}
			},
			"66": {
				"start": {
					"line": 199,
					"column": 8
				},
				"end": {
					"line": 199,
					"column": 53
				}
			},
			"67": {
				"start": {
					"line": 200,
					"column": 8
				},
				"end": {
					"line": 200,
					"column": 65
				}
			},
			"68": {
				"start": {
					"line": 201,
					"column": 8
				},
				"end": {
					"line": 201,
					"column": 34
				}
			},
			"69": {
				"start": {
					"line": 196,
					"column": 8
				},
				"end": {
					"line": 196,
					"column": 17
				}
			},
			"70": {
				"start": {
					"line": 197,
					"column": 8
				},
				"end": {
					"line": 197,
					"column": 27
				}
			},
			"72": {
				"start": {
					"line": 207,
					"column": 4
				},
				"end": {
					"line": 215,
					"column": 5
				}
			},
			"73": {
				"start": {
					"line": 212,
					"column": 8
				},
				"end": {
					"line": 212,
					"column": 53
				}
			},
			"74": {
				"start": {
					"line": 213,
					"column": 8
				},
				"end": {
					"line": 213,
					"column": 68
				}
			},
			"75": {
				"start": {
					"line": 214,
					"column": 8
				},
				"end": {
					"line": 214,
					"column": 36
				}
			},
			"76": {
				"start": {
					"line": 209,
					"column": 8
				},
				"end": {
					"line": 209,
					"column": 17
				}
			},
			"77": {
				"start": {
					"line": 210,
					"column": 8
				},
				"end": {
					"line": 210,
					"column": 27
				}
			},
			"79": {
				"start": {
					"line": 224,
					"column": 4
				},
				"end": {
					"line": 226,
					"column": 5
				}
			},
			"80": {
				"start": {
					"line": 225,
					"column": 8
				},
				"end": {
					"line": 225,
					"column": 38
				}
			},
			"82": {
				"start": {
					"line": 231,
					"column": 4
				},
				"end": {
					"line": 233,
					"column": 5
				}
			},
			"83": {
				"start": {
					"line": 232,
					"column": 8
				},
				"end": {
					"line": 232,
					"column": 34
				}
			},
			"85": {
				"start": {
					"line": 238,
					"column": 4
				},
				"end": {
					"line": 259,
					"column": 5
				}
			},
			"86": {
				"start": {
					"line": 250,
					"column": 8
				},
				"end": {
					"line": 250,
					"column": 52
				}
			},
			"87": {
				"start": {
					"line": 251,
					"column": 8
				},
				"end": {
					"line": 258,
					"column": 10
				}
			},
			"89": {
				"start": {
					"line": 264,
					"column": 4
				},
				"end": {
					"line": 278,
					"column": 5
				}
			},
			"90": {
				"start": {
					"line": 276,
					"column": 8
				},
				"end": {
					"line": 276,
					"column": 44
				}
			},
			"91": {
				"start": {
					"line": 277,
					"column": 8
				},
				"end": {
					"line": 277,
					"column": 40
				}
			},
			"93": {
				"start": {
					"line": 283,
					"column": 4
				},
				"end": {
					"line": 297,
					"column": 5
				}
			},
			"94": {
				"start": {
					"line": 295,
					"column": 8
				},
				"end": {
					"line": 295,
					"column": 48
				}
			},
			"95": {
				"start": {
					"line": 296,
					"column": 8
				},
				"end": {
					"line": 296,
					"column": 40
				}
			},
			"97": {
				"start": {
					"line": 301,
					"column": 4
				},
				"end": {
					"line": 307,
					"column": 5
				}
			},
			"98": {
				"start": {
					"line": 306,
					"column": 8
				},
				"end": {
					"line": 306,
					"column": 30
				}
			}
		},
		"modifiersStatementIds": [
			27,
			28,
			29,
			30,
			31,
			42,
			43,
			51,
			52,
			53,
			61,
			62,
			63,
			69,
			70,
			76,
			77
		],
		"path": "/Users/primary/Projects/audits/0x/system_audit/packages/contracts/src/1.0.0/TokenRegistry/TokenRegistry.sol",
		"f": {
			"0": 9,
			"4": 25,
			"8": 24,
			"12": 25,
			"16": 24,
			"20": 26,
			"32": 27,
			"44": 4,
			"54": 4,
			"64": 0,
			"71": 0,
			"78": 0,
			"81": 0,
			"84": 8,
			"88": 6,
			"92": 3,
			"96": 24
		},
		"s": {
			"1": 9,
			"2": 9,
			"3": 0,
			"5": 25,
			"6": 25,
			"7": 21,
			"9": 24,
			"10": 24,
			"11": 0,
			"13": 25,
			"14": 25,
			"15": 21,
			"17": 24,
			"18": 24,
			"19": 21,
			"21": 26,
			"22": 21,
			"23": 21,
			"24": 21,
			"25": 21,
			"26": 21,
			"27": 26,
			"28": 26,
			"29": 26,
			"30": 26,
			"31": 26,
			"33": 27,
			"34": 2,
			"35": 1,
			"36": 1,
			"37": 4,
			"38": 1,
			"39": 1,
			"40": 1,
			"41": 3,
			"42": 27,
			"43": 27,
			"45": 4,
			"46": 4,
			"47": 1,
			"48": 1,
			"49": 1,
			"50": 1,
			"51": 4,
			"52": 4,
			"53": 4,
			"55": 4,
			"56": 4,
			"57": 1,
			"58": 1,
			"59": 1,
			"60": 1,
			"61": 4,
			"62": 4,
			"63": 4,
			"65": 0,
			"66": 0,
			"67": 0,
			"68": 0,
			"69": 0,
			"70": 0,
			"72": 0,
			"73": 0,
			"74": 0,
			"75": 0,
			"76": 0,
			"77": 0,
			"79": 0,
			"80": 0,
			"82": 0,
			"83": 0,
			"85": 8,
			"86": 8,
			"87": 8,
			"89": 6,
			"90": 6,
			"91": 6,
			"93": 3,
			"94": 3,
			"95": 0,
			"97": 24,
			"98": 0
		},
		"b": {},
		"l": {
			"65": 9,
			"66": 9,
			"67": 0,
			"70": 25,
			"71": 25,
			"72": 21,
			"75": 24,
			"76": 24,
			"77": 0,
			"80": 25,
			"81": 25,
			"82": 21,
			"85": 24,
			"86": 24,
			"87": 21,
			"98": 26,
			"106": 26,
			"107": 26,
			"108": 26,
			"109": 26,
			"110": 26,
			"112": 21,
			"120": 21,
			"121": 21,
			"122": 21,
			"123": 21,
			"135": 27,
			"137": 27,
			"138": 27,
			"140": 2,
			"142": 1,
			"143": 1,
			"145": 4,
			"146": 1,
			"154": 1,
			"155": 1,
			"156": 3,
			"162": 4,
			"164": 4,
			"165": 4,
			"166": 4,
			"168": 4,
			"169": 1,
			"170": 1,
			"171": 1,
			"172": 1,
			"178": 4,
			"180": 4,
			"181": 4,
			"182": 4,
			"184": 4,
			"185": 1,
			"186": 1,
			"187": 1,
			"188": 1,
			"194": 0,
			"196": 0,
			"197": 0,
			"199": 0,
			"200": 0,
			"201": 0,
			"207": 0,
			"209": 0,
			"210": 0,
			"212": 0,
			"213": 0,
			"214": 0,
			"224": 0,
			"225": 0,
			"231": 0,
			"232": 0,
			"238": 8,
			"250": 8,
			"251": 8,
			"264": 6,
			"276": 6,
			"277": 6,
			"283": 3,
			"295": 3,
			"296": 0,
			"301": 24,
			"306": 0
		}
	},
	"/Users/primary/Projects/audits/0x/system_audit/packages/contracts/src/2.0.0/examples/ExchangeWrapper/ExchangeWrapper.sol": {
		"fnMap": {
			"0": {
				"name": null,
				"line": 32,
				"loc": {
					"start": {
						"line": 32,
						"column": 4
					},
					"end": {
						"line": 36,
						"column": 5
					}
				}
			},
			"3": {
				"name": "cancelOrdersUpTo",
				"line": 43,
				"loc": {
					"start": {
						"line": 43,
						"column": 4
					},
					"end": {
						"line": 65,
						"column": 5
					}
				}
			},
			"8": {
				"name": "fillOrder",
				"line": 73,
				"loc": {
					"start": {
						"line": 73,
						"column": 4
					},
					"end": {
						"line": 99,
						"column": 5
					}
				}
			}
		},
		"branchMap": {},
		"statementMap": {
			"1": {
				"start": {
					"line": 32,
					"column": 4
				},
				"end": {
					"line": 36,
					"column": 5
				}
			},
			"2": {
				"start": {
					"line": 35,
					"column": 8
				},
				"end": {
					"line": 35,
					"column": 39
				}
			},
			"4": {
				"start": {
					"line": 43,
					"column": 4
				},
				"end": {
					"line": 65,
					"column": 5
				}
			},
			"5": {
				"start": {
					"line": 50,
					"column": 8
				},
				"end": {
					"line": 50,
					"column": 42
				}
			},
			"6": {
				"start": {
					"line": 53,
					"column": 8
				},
				"end": {
					"line": 56,
					"column": 10
				}
			},
			"7": {
				"start": {
					"line": 59,
					"column": 8
				},
				"end": {
					"line": 64,
					"column": 9
				}
			},
			"9": {
				"start": {
					"line": 73,
					"column": 4
				},
				"end": {
					"line": 99,
					"column": 5
				}
			},
			"10": {
				"start": {
					"line": 82,
					"column": 8
				},
				"end": {
					"line": 82,
					"column": 42
				}
			},
			"11": {
				"start": {
					"line": 85,
					"column": 8
				},
				"end": {
					"line": 90,
					"column": 10
				}
			},
			"12": {
				"start": {
					"line": 93,
					"column": 8
				},
				"end": {
					"line": 98,
					"column": 9
				}
			}
		},
		"modifiersStatementIds": [],
		"path": "/Users/primary/Projects/audits/0x/system_audit/packages/contracts/src/2.0.0/examples/ExchangeWrapper/ExchangeWrapper.sol",
		"f": {
			"0": 1,
			"3": 1,
			"8": 3
		},
		"s": {
			"1": 1,
			"2": 1,
			"4": 1,
			"5": 1,
			"6": 1,
			"7": 1,
			"9": 3,
			"10": 2,
			"11": 2,
			"12": 2
		},
		"b": {},
		"l": {
			"32": 1,
			"35": 1,
			"43": 1,
			"50": 1,
			"53": 1,
			"59": 1,
			"73": 3,
			"82": 2,
			"85": 2,
			"93": 2
		}
	},
	"/Users/primary/Projects/audits/0x/system_audit/packages/contracts/src/2.0.0/examples/Validator/Validator.sol": {
		"fnMap": {
			"0": {
				"name": null,
				"line": 34,
				"loc": {
					"start": {
						"line": 34,
						"column": 4
					},
					"end": {
						"line": 36,
						"column": 5
					}
				}
			},
			"3": {
				"name": "isValidSignature",
				"line": 44,
				"loc": {
					"start": {
						"line": 44,
						"column": 4
					},
					"end": {
						"line": 54,
						"column": 5
					}
				}
			}
		},
		"branchMap": {},
		"statementMap": {
			"1": {
				"start": {
					"line": 34,
					"column": 4
				},
				"end": {
					"line": 36,
					"column": 5
				}
			},
			"2": {
				"start": {
					"line": 35,
					"column": 8
				},
				"end": {
					"line": 35,
					"column": 34
				}
			},
			"4": {
				"start": {
					"line": 44,
					"column": 4
				},
				"end": {
					"line": 54,
					"column": 5
				}
			},
			"5": {
				"start": {
					"line": 53,
					"column": 8
				},
				"end": {
					"line": 53,
					"column": 47
				}
			}
		},
		"modifiersStatementIds": [],
		"path": "/Users/primary/Projects/audits/0x/system_audit/packages/contracts/src/2.0.0/examples/Validator/Validator.sol",
		"f": {
			"0": 1,
			"3": 1
		},
		"s": {
			"1": 1,
			"2": 1,
			"4": 1,
			"5": 1
		},
		"b": {},
		"l": {
			"34": 1,
			"35": 1,
			"44": 1,
			"53": 1
		}
	},
	"/Users/primary/Projects/audits/0x/system_audit/packages/contracts/src/2.0.0/examples/Wallet/Wallet.sol": {
		"fnMap": {
			"0": {
				"name": null,
				"line": 36,
				"loc": {
					"start": {
						"line": 36,
						"column": 4
					},
					"end": {
						"line": 38,
						"column": 5
					}
				}
			},
			"3": {
				"name": "isValidSignature",
				"line": 45,
				"loc": {
					"start": {
						"line": 45,
						"column": 4
					},
					"end": {
						"line": 64,
						"column": 5
					}
				}
			}
		},
		"branchMap": {},
		"statementMap": {
			"1": {
				"start": {
					"line": 36,
					"column": 4
				},
				"end": {
					"line": 38,
					"column": 5
				}
			},
			"2": {
				"start": {
					"line": 37,
					"column": 8
				},
				"end": {
					"line": 37,
					"column": 34
				}
			},
			"4": {
				"start": {
					"line": 45,
					"column": 4
				},
				"end": {
					"line": 64,
					"column": 5
				}
			},
			"5": {
				"start": {
					"line": 53,
					"column": 8
				},
				"end": {
					"line": 56,
					"column": 9
				}
			},
			"6": {
				"start": {
					"line": 58,
					"column": 8
				},
				"end": {
					"line": 58,
					"column": 44
				}
			},
			"7": {
				"start": {
					"line": 59,
					"column": 8
				},
				"end": {
					"line": 59,
					"column": 51
				}
			},
			"8": {
				"start": {
					"line": 60,
					"column": 8
				},
				"end": {
					"line": 60,
					"column": 52
				}
			},
			"9": {
				"start": {
					"line": 61,
					"column": 8
				},
				"end": {
					"line": 61,
					"column": 60
				}
			},
			"10": {
				"start": {
					"line": 62,
					"column": 8
				},
				"end": {
					"line": 62,
					"column": 50
				}
			},
			"11": {
				"start": {
					"line": 63,
					"column": 8
				},
				"end": {
					"line": 63,
					"column": 23
				}
			}
		},
		"modifiersStatementIds": [],
		"path": "/Users/primary/Projects/audits/0x/system_audit/packages/contracts/src/2.0.0/examples/Wallet/Wallet.sol",
		"f": {
			"0": 1,
			"3": 2
		},
		"s": {
			"1": 1,
			"2": 1,
			"4": 2,
			"5": 2,
			"6": 2,
			"7": 2,
			"8": 2,
			"9": 2,
			"10": 2,
			"11": 0
		},
		"b": {},
		"l": {
			"36": 1,
			"37": 1,
			"45": 2,
			"53": 2,
			"58": 2,
			"59": 2,
			"60": 2,
			"61": 2,
			"62": 2,
			"63": 0
		}
	},
	"/Users/primary/Projects/audits/0x/system_audit/packages/contracts/src/2.0.0/examples/Whitelist/Whitelist.sol": {
		"fnMap": {
			"0": {
				"name": null,
				"line": 42,
				"loc": {
					"start": {
						"line": 42,
						"column": 4
					},
					"end": {
						"line": 47,
						"column": 5
					}
				}
			},
			"4": {
				"name": "updateWhitelistStatus",
				"line": 52,
				"loc": {
					"start": {
						"line": 52,
						"column": 4
					},
					"end": {
						"line": 60,
						"column": 5
					}
				}
			},
			"8": {
				"name": "isValidSignature",
				"line": 69,
				"loc": {
					"start": {
						"line": 69,
						"column": 4
					},
					"end": {
						"line": 80,
						"column": 5
					}
				}
			},
			"11": {
				"name": "fillOrderIfWhitelisted",
				"line": 91,
				"loc": {
					"start": {
						"line": 91,
						"column": 4
					},
					"end": {
						"line": 135,
						"column": 5
					}
				}
			}
		},
		"branchMap": {},
		"statementMap": {
			"1": {
				"start": {
					"line": 42,
					"column": 4
				},
				"end": {
					"line": 47,
					"column": 5
				}
			},
			"2": {
				"start": {
					"line": 45,
					"column": 8
				},
				"end": {
					"line": 45,
					"column": 39
				}
			},
			"3": {
				"start": {
					"line": 46,
					"column": 8
				},
				"end": {
					"line": 46,
					"column": 87
				}
			},
			"5": {
				"start": {
					"line": 52,
					"column": 4
				},
				"end": {
					"line": 60,
					"column": 5
				}
			},
			"6": {
				"start": {
					"line": 59,
					"column": 8
				},
				"end": {
					"line": 59,
					"column": 42
				}
			},
			"7": {
				"start": {
					"line": 57,
					"column": 8
				},
				"end": {
					"line": 57,
					"column": 17
				}
			},
			"9": {
				"start": {
					"line": 69,
					"column": 4
				},
				"end": {
					"line": 80,
					"column": 5
				}
			},
			"10": {
				"start": {
					"line": 79,
					"column": 8
				},
				"end": {
					"line": 79,
					"column": 42
				}
			},
			"12": {
				"start": {
					"line": 91,
					"column": 4
				},
				"end": {
					"line": 135,
					"column": 5
				}
			},
			"13": {
				"start": {
					"line": 99,
					"column": 8
				},
				"end": {
					"line": 99,
					"column": 42
				}
			},
			"14": {
				"start": {
					"line": 102,
					"column": 8
				},
				"end": {
					"line": 106,
					"column": 9
				}
			},
			"15": {
				"start": {
					"line": 109,
					"column": 8
				},
				"end": {
					"line": 112,
					"column": 9
				}
			},
			"16": {
				"start": {
					"line": 115,
					"column": 8
				},
				"end": {
					"line": 118,
					"column": 9
				}
			},
			"17": {
				"start": {
					"line": 121,
					"column": 8
				},
				"end": {
					"line": 126,
					"column": 10
				}
			},
			"18": {
				"start": {
					"line": 129,
					"column": 8
				},
				"end": {
					"line": 134,
					"column": 9
				}
			}
		},
		"modifiersStatementIds": [
			7
		],
		"path": "/Users/primary/Projects/audits/0x/system_audit/packages/contracts/src/2.0.0/examples/Whitelist/Whitelist.sol",
		"f": {
			"0": 1,
			"4": 4,
			"8": 1,
			"11": 7
		},
		"s": {
			"1": 1,
			"2": 1,
			"3": 1,
			"5": 4,
			"6": 4,
			"7": 4,
			"9": 1,
			"10": 1,
			"12": 7,
			"13": 3,
			"14": 3,
			"15": 3,
			"16": 2,
			"17": 3,
			"18": 1
		},
		"b": {},
		"l": {
			"42": 1,
			"45": 1,
			"46": 1,
			"52": 4,
			"57": 4,
			"59": 4,
			"69": 1,
			"79": 1,
			"91": 7,
			"99": 3,
			"102": 3,
			"109": 3,
			"115": 2,
			"121": 3,
			"129": 1
		}
	},
	"/Users/primary/Projects/audits/0x/system_audit/packages/contracts/src/2.0.0/extensions/Forwarder/Forwarder.sol": {
		"fnMap": {
			"0": {
				"name": null,
				"line": 38,
				"loc": {
					"start": {
						"line": 38,
						"column": 4
					},
					"end": {
						"line": 50,
						"column": 6
					}
				}
			}
		},
		"branchMap": {},
		"statementMap": {
			"1": {
				"start": {
					"line": 38,
					"column": 4
				},
				"end": {
					"line": 50,
					"column": 6
				}
			},
			"2": {
				"start": {
					"line": 44,
					"column": 8
				},
				"end": {
					"line": 48,
					"column": 9
				}
			},
			"3": {
				"start": {
					"line": 49,
					"column": 8
				},
				"end": {
					"line": 49,
					"column": 28
				}
			}
		},
		"modifiersStatementIds": [
			2,
			3
		],
		"path": "/Users/primary/Projects/audits/0x/system_audit/packages/contracts/src/2.0.0/extensions/Forwarder/Forwarder.sol",
		"f": {
			"0": 1
		},
		"s": {
			"1": 1,
			"2": 1,
			"3": 1
		},
		"b": {},
		"l": {
			"38": 1,
			"44": 1,
			"49": 1
		}
	},
	"/Users/primary/Projects/audits/0x/system_audit/packages/contracts/src/2.0.0/extensions/Forwarder/MixinAssets.sol": {
		"fnMap": {
			"0": {
				"name": "withdrawAsset",
				"line": 44,
				"loc": {
					"start": {
						"line": 44,
						"column": 4
					},
					"end": {
						"line": 52,
						"column": 5
					}
				}
			},
			"4": {
				"name": "transferAssetToSender",
				"line": 57,
				"loc": {
					"start": {
						"line": 57,
						"column": 4
					},
					"end": {
						"line": 72,
						"column": 5
					}
				}
			},
			"14": {
				"name": "transferERC20Token",
				"line": 77,
				"loc": {
					"start": {
						"line": 77,
						"column": 4
					},
					"end": {
						"line": 118,
						"column": 5
					}
				}
			},
			"21": {
				"name": "transferERC721Token",
				"line": 123,
				"loc": {
					"start": {
						"line": 123,
						"column": 4
					},
					"end": {
						"line": 143,
						"column": 5
					}
				}
			}
		},
		"branchMap": {
			"8": {
				"line": 65,
				"type": "if",
				"locations": [
					{
						"start": {
							"line": 65,
							"column": 38
						},
						"end": {
							"line": 67,
							"column": 9
						}
					},
					{
						"start": {
							"line": 67,
							"column": 15
						},
						"end": {
							"line": 71,
							"column": 9
						}
					}
				]
			},
			"11": {
				"line": 67,
				"type": "if",
				"locations": [
					{
						"start": {
							"line": 67,
							"column": 46
						},
						"end": {
							"line": 69,
							"column": 9
						}
					},
					{
						"start": {
							"line": 69,
							"column": 15
						},
						"end": {
							"line": 71,
							"column": 9
						}
					}
				]
			}
		},
		"statementMap": {
			"1": {
				"start": {
					"line": 44,
					"column": 4
				},
				"end": {
					"line": 52,
					"column": 5
				}
			},
			"2": {
				"start": {
					"line": 51,
					"column": 8
				},
				"end": {
					"line": 51,
					"column": 48
				}
			},
			"3": {
				"start": {
					"line": 49,
					"column": 8
				},
				"end": {
					"line": 49,
					"column": 17
				}
			},
			"5": {
				"start": {
					"line": 57,
					"column": 4
				},
				"end": {
					"line": 72,
					"column": 5
				}
			},
			"6": {
				"start": {
					"line": 63,
					"column": 8
				},
				"end": {
					"line": 63,
					"column": 49
				}
			},
			"7": {
				"start": {
					"line": 65,
					"column": 8
				},
				"end": {
					"line": 71,
					"column": 9
				}
			},
			"9": {
				"start": {
					"line": 66,
					"column": 12
				},
				"end": {
					"line": 66,
					"column": 49
				}
			},
			"10": {
				"start": {
					"line": 67,
					"column": 15
				},
				"end": {
					"line": 71,
					"column": 9
				}
			},
			"12": {
				"start": {
					"line": 68,
					"column": 12
				},
				"end": {
					"line": 68,
					"column": 50
				}
			},
			"13": {
				"start": {
					"line": 70,
					"column": 12
				},
				"end": {
					"line": 70,
					"column": 45
				}
			},
			"15": {
				"start": {
					"line": 77,
					"column": 4
				},
				"end": {
					"line": 118,
					"column": 5
				}
			},
			"16": {
				"start": {
					"line": 83,
					"column": 8
				},
				"end": {
					"line": 83,
					"column": 50
				}
			},
			"17": {
				"start": {
					"line": 88,
					"column": 8
				},
				"end": {
					"line": 92,
					"column": 11
				}
			},
			"18": {
				"start": {
					"line": 93,
					"column": 8
				},
				"end": {
					"line": 96,
					"column": 9
				}
			},
			"19": {
				"start": {
					"line": 104,
					"column": 8
				},
				"end": {
					"line": 113,
					"column": 9
				}
			},
			"20": {
				"start": {
					"line": 114,
					"column": 8
				},
				"end": {
					"line": 117,
					"column": 9
				}
			},
			"22": {
				"start": {
					"line": 123,
					"column": 4
				},
				"end": {
					"line": 143,
					"column": 5
				}
			},
			"23": {
				"start": {
					"line": 129,
					"column": 8
				},
				"end": {
					"line": 132,
					"column": 9
				}
			},
			"24": {
				"start": {
					"line": 134,
					"column": 8
				},
				"end": {
					"line": 134,
					"column": 50
				}
			},
			"25": {
				"start": {
					"line": 135,
					"column": 8
				},
				"end": {
					"line": 135,
					"column": 52
				}
			},
			"26": {
				"start": {
					"line": 138,
					"column": 8
				},
				"end": {
					"line": 142,
					"column": 9
				}
			}
		},
		"modifiersStatementIds": [
			3
		],
		"path": "/Users/primary/Projects/audits/0x/system_audit/packages/contracts/src/2.0.0/extensions/Forwarder/MixinAssets.sol",
		"f": {
			"0": 19,
			"4": 18,
			"14": 18,
			"21": 3
		},
		"s": {
			"1": 19,
			"2": 18,
			"3": 19,
			"5": 18,
			"6": 18,
			"7": 18,
			"9": 18,
			"10": 3,
			"12": 3,
			"13": 0,
			"15": 18,
			"16": 15,
			"17": 15,
			"18": 15,
			"19": 15,
			"20": 18,
			"22": 3,
			"23": 3,
			"24": 3,
			"25": 3,
			"26": 3
		},
		"b": {
			"8": [
				18,
				3
			],
			"11": [
				3,
				0
			]
		},
		"l": {
			"44": 19,
			"49": 19,
			"51": 18,
			"57": 18,
			"63": 18,
			"65": 18,
			"66": 18,
			"67": 3,
			"68": 3,
			"70": 0,
			"77": 18,
			"83": 15,
			"88": 15,
			"93": 15,
			"104": 15,
			"114": 18,
			"123": 3,
			"129": 3,
			"134": 3,
			"135": 3,
			"138": 3
		}
	},
	"/Users/primary/Projects/audits/0x/system_audit/packages/contracts/src/2.0.0/extensions/Forwarder/MixinExchangeWrapper.sol": {
		"fnMap": {
			"0": {
				"name": "fillOrderNoThrow",
				"line": 44,
				"loc": {
					"start": {
						"line": 44,
						"column": 4
					},
					"end": {
						"line": 87,
						"column": 5
					}
				}
			},
			"6": {
				"name": "marketSellWeth",
				"line": 95,
				"loc": {
					"start": {
						"line": 95,
						"column": 4
					},
					"end": {
						"line": 133,
						"column": 5
					}
				}
			},
			"23": {
				"name": "marketBuyExactAmountWithWeth",
				"line": 142,
				"loc": {
					"start": {
						"line": 142,
						"column": 4
					},
					"end": {
						"line": 194,
						"column": 5
					}
				}
			},
			"43": {
				"name": "marketBuyExactZrxWithWeth",
				"line": 205,
				"loc": {
					"start": {
						"line": 205,
						"column": 4
					},
					"end": {
						"line": 262,
						"column": 5
					}
				}
			}
		},
		"branchMap": {
			"20": {
				"line": 128,
				"type": "if",
				"locations": [
					{
						"start": {
							"line": 128,
							"column": 75
						},
						"end": {
							"line": 130,
							"column": 13
						}
					},
					{
						"start": {
							"line": 128,
							"column": 12
						},
						"end": {
							"line": 130,
							"column": 13
						}
					}
				]
			},
			"39": {
				"line": 184,
				"type": "if",
				"locations": [
					{
						"start": {
							"line": 184,
							"column": 64
						},
						"end": {
							"line": 186,
							"column": 13
						}
					},
					{
						"start": {
							"line": 184,
							"column": 12
						},
						"end": {
							"line": 186,
							"column": 13
						}
					}
				]
			},
			"46": {
				"line": 214,
				"type": "if",
				"locations": [
					{
						"start": {
							"line": 214,
							"column": 31
						},
						"end": {
							"line": 216,
							"column": 9
						}
					},
					{
						"start": {
							"line": 214,
							"column": 8
						},
						"end": {
							"line": 216,
							"column": 9
						}
					}
				]
			},
			"63": {
				"line": 252,
				"type": "if",
				"locations": [
					{
						"start": {
							"line": 252,
							"column": 46
						},
						"end": {
							"line": 254,
							"column": 13
						}
					},
					{
						"start": {
							"line": 252,
							"column": 12
						},
						"end": {
							"line": 254,
							"column": 13
						}
					}
				]
			}
		},
		"statementMap": {
			"1": {
				"start": {
					"line": 44,
					"column": 4
				},
				"end": {
					"line": 87,
					"column": 5
				}
			},
			"2": {
				"start": {
					"line": 53,
					"column": 8
				},
				"end": {
					"line": 57,
					"column": 10
				}
			},
			"3": {
				"start": {
					"line": 59,
					"column": 8
				},
				"end": {
					"line": 59,
					"column": 45
				}
			},
			"4": {
				"start": {
					"line": 62,
					"column": 8
				},
				"end": {
					"line": 85,
					"column": 9
				}
			},
			"5": {
				"start": {
					"line": 86,
					"column": 8
				},
				"end": {
					"line": 86,
					"column": 27
				}
			},
			"7": {
				"start": {
					"line": 95,
					"column": 4
				},
				"end": {
					"line": 133,
					"column": 5
				}
			},
			"8": {
				"start": {
					"line": 103,
					"column": 8
				},
				"end": {
					"line": 103,
					"column": 63
				}
			},
			"9": {
				"start": {
					"line": 104,
					"column": 8
				},
				"end": {
					"line": 104,
					"column": 53
				}
			},
			"10": {
				"start": {
					"line": 106,
					"column": 8
				},
				"end": {
					"line": 106,
					"column": 45
				}
			},
			"11": {
				"start": {
					"line": 107,
					"column": 8
				},
				"end": {
					"line": 131,
					"column": 9
				}
			},
			"12": {
				"start": {
					"line": 107,
					"column": 13
				},
				"end": {
					"line": 107,
					"column": 27
				}
			},
			"13": {
				"start": {
					"line": 107,
					"column": 47
				},
				"end": {
					"line": 107,
					"column": 50
				}
			},
			"14": {
				"start": {
					"line": 111,
					"column": 12
				},
				"end": {
					"line": 111,
					"column": 53
				}
			},
			"15": {
				"start": {
					"line": 112,
					"column": 12
				},
				"end": {
					"line": 112,
					"column": 52
				}
			},
			"16": {
				"start": {
					"line": 115,
					"column": 12
				},
				"end": {
					"line": 115,
					"column": 117
				}
			},
			"17": {
				"start": {
					"line": 118,
					"column": 12
				},
				"end": {
					"line": 122,
					"column": 14
				}
			},
			"18": {
				"start": {
					"line": 125,
					"column": 12
				},
				"end": {
					"line": 125,
					"column": 63
				}
			},
			"19": {
				"start": {
					"line": 128,
					"column": 12
				},
				"end": {
					"line": 130,
					"column": 13
				}
			},
			"21": {
				"start": {
					"line": 129,
					"column": 16
				},
				"end": {
					"line": 129,
					"column": 22
				}
			},
			"22": {
				"start": {
					"line": 132,
					"column": 8
				},
				"end": {
					"line": 132,
					"column": 32
				}
			},
			"24": {
				"start": {
					"line": 142,
					"column": 4
				},
				"end": {
					"line": 194,
					"column": 5
				}
			},
			"25": {
				"start": {
					"line": 150,
					"column": 8
				},
				"end": {
					"line": 150,
					"column": 63
				}
			},
			"26": {
				"start": {
					"line": 151,
					"column": 8
				},
				"end": {
					"line": 151,
					"column": 53
				}
			},
			"27": {
				"start": {
					"line": 153,
					"column": 8
				},
				"end": {
					"line": 153,
					"column": 45
				}
			},
			"28": {
				"start": {
					"line": 154,
					"column": 8
				},
				"end": {
					"line": 187,
					"column": 9
				}
			},
			"29": {
				"start": {
					"line": 154,
					"column": 13
				},
				"end": {
					"line": 154,
					"column": 27
				}
			},
			"30": {
				"start": {
					"line": 154,
					"column": 47
				},
				"end": {
					"line": 154,
					"column": 50
				}
			},
			"31": {
				"start": {
					"line": 158,
					"column": 12
				},
				"end": {
					"line": 158,
					"column": 53
				}
			},
			"32": {
				"start": {
					"line": 159,
					"column": 12
				},
				"end": {
					"line": 159,
					"column": 52
				}
			},
			"33": {
				"start": {
					"line": 162,
					"column": 12
				},
				"end": {
					"line": 162,
					"column": 123
				}
			},
			"34": {
				"start": {
					"line": 166,
					"column": 12
				},
				"end": {
					"line": 170,
					"column": 14
				}
			},
			"35": {
				"start": {
					"line": 173,
					"column": 12
				},
				"end": {
					"line": 177,
					"column": 14
				}
			},
			"36": {
				"start": {
					"line": 180,
					"column": 12
				},
				"end": {
					"line": 180,
					"column": 63
				}
			},
			"37": {
				"start": {
					"line": 183,
					"column": 12
				},
				"end": {
					"line": 183,
					"column": 85
				}
			},
			"38": {
				"start": {
					"line": 184,
					"column": 12
				},
				"end": {
					"line": 186,
					"column": 13
				}
			},
			"40": {
				"start": {
					"line": 185,
					"column": 16
				},
				"end": {
					"line": 185,
					"column": 22
				}
			},
			"41": {
				"start": {
					"line": 189,
					"column": 8
				},
				"end": {
					"line": 192,
					"column": 9
				}
			},
			"42": {
				"start": {
					"line": 193,
					"column": 8
				},
				"end": {
					"line": 193,
					"column": 32
				}
			},
			"44": {
				"start": {
					"line": 205,
					"column": 4
				},
				"end": {
					"line": 262,
					"column": 5
				}
			},
			"45": {
				"start": {
					"line": 214,
					"column": 8
				},
				"end": {
					"line": 216,
					"column": 9
				}
			},
			"47": {
				"start": {
					"line": 215,
					"column": 12
				},
				"end": {
					"line": 215,
					"column": 36
				}
			},
			"48": {
				"start": {
					"line": 218,
					"column": 8
				},
				"end": {
					"line": 218,
					"column": 51
				}
			},
			"49": {
				"start": {
					"line": 219,
					"column": 8
				},
				"end": {
					"line": 219,
					"column": 53
				}
			},
			"50": {
				"start": {
					"line": 220,
					"column": 8
				},
				"end": {
					"line": 220,
					"column": 33
				}
			},
			"51": {
				"start": {
					"line": 222,
					"column": 8
				},
				"end": {
					"line": 222,
					"column": 45
				}
			},
			"52": {
				"start": {
					"line": 223,
					"column": 8
				},
				"end": {
					"line": 255,
					"column": 9
				}
			},
			"53": {
				"start": {
					"line": 223,
					"column": 13
				},
				"end": {
					"line": 223,
					"column": 27
				}
			},
			"54": {
				"start": {
					"line": 223,
					"column": 47
				},
				"end": {
					"line": 223,
					"column": 50
				}
			},
			"55": {
				"start": {
					"line": 226,
					"column": 12
				},
				"end": {
					"line": 226,
					"column": 51
				}
			},
			"56": {
				"start": {
					"line": 227,
					"column": 12
				},
				"end": {
					"line": 227,
					"column": 52
				}
			},
			"57": {
				"start": {
					"line": 230,
					"column": 12
				},
				"end": {
					"line": 230,
					"column": 80
				}
			},
			"58": {
				"start": {
					"line": 234,
					"column": 12
				},
				"end": {
					"line": 238,
					"column": 14
				}
			},
			"59": {
				"start": {
					"line": 241,
					"column": 12
				},
				"end": {
					"line": 245,
					"column": 14
				}
			},
			"60": {
				"start": {
					"line": 248,
					"column": 12
				},
				"end": {
					"line": 248,
					"column": 62
				}
			},
			"61": {
				"start": {
					"line": 249,
					"column": 12
				},
				"end": {
					"line": 249,
					"column": 106
				}
			},
			"62": {
				"start": {
					"line": 252,
					"column": 12
				},
				"end": {
					"line": 254,
					"column": 13
				}
			},
			"64": {
				"start": {
					"line": 253,
					"column": 16
				},
				"end": {
					"line": 253,
					"column": 22
				}
			},
			"65": {
				"start": {
					"line": 257,
					"column": 8
				},
				"end": {
					"line": 260,
					"column": 9
				}
			},
			"66": {
				"start": {
					"line": 261,
					"column": 8
				},
				"end": {
					"line": 261,
					"column": 32
				}
			}
		},
		"modifiersStatementIds": [],
		"path": "/Users/primary/Projects/audits/0x/system_audit/packages/contracts/src/2.0.0/extensions/Forwarder/MixinExchangeWrapper.sol",
		"f": {
			"0": 24,
			"6": 11,
			"23": 12,
			"43": 24
		},
		"s": {
			"1": 24,
			"2": 24,
			"3": 24,
			"4": 24,
			"5": 0,
			"7": 11,
			"8": 11,
			"9": 11,
			"10": 11,
			"11": 11,
			"12": 11,
			"13": 3,
			"14": 11,
			"15": 11,
			"16": 11,
			"17": 11,
			"18": 11,
			"19": 11,
			"21": 9,
			"22": 0,
			"24": 12,
			"25": 12,
			"26": 12,
			"27": 12,
			"28": 12,
			"29": 12,
			"30": 3,
			"31": 12,
			"32": 12,
			"33": 12,
			"34": 12,
			"35": 12,
			"36": 12,
			"37": 12,
			"38": 12,
			"40": 10,
			"41": 12,
			"42": 0,
			"44": 24,
			"45": 21,
			"47": 13,
			"48": 21,
			"49": 21,
			"50": 21,
			"51": 21,
			"52": 24,
			"53": 21,
			"54": 3,
			"55": 8,
			"56": 8,
			"57": 21,
			"58": 21,
			"59": 24,
			"60": 8,
			"61": 8,
			"62": 8,
			"64": 7,
			"65": 21,
			"66": 0
		},
		"b": {
			"20": [
				9,
				11
			],
			"39": [
				10,
				12
			],
			"46": [
				13,
				21
			],
			"63": [
				7,
				8
			]
		},
		"l": {
			"44": 24,
			"53": 24,
			"59": 24,
			"62": 24,
			"86": 0,
			"95": 11,
			"103": 11,
			"104": 11,
			"106": 11,
			"107": 11,
			"111": 11,
			"112": 11,
			"115": 11,
			"118": 11,
			"125": 11,
			"128": 11,
			"129": 9,
			"132": 0,
			"142": 12,
			"150": 12,
			"151": 12,
			"153": 12,
			"154": 12,
			"158": 12,
			"159": 12,
			"162": 12,
			"166": 12,
			"173": 12,
			"180": 12,
			"183": 12,
			"184": 12,
			"185": 10,
			"189": 12,
			"193": 0,
			"205": 24,
			"214": 21,
			"215": 13,
			"218": 21,
			"219": 21,
			"220": 21,
			"222": 21,
			"223": 24,
			"226": 8,
			"227": 8,
			"230": 21,
			"234": 21,
			"241": 24,
			"248": 8,
			"249": 8,
			"252": 8,
			"253": 7,
			"257": 21,
			"261": 0
		}
	},
	"/Users/primary/Projects/audits/0x/system_audit/packages/contracts/src/2.0.0/extensions/Forwarder/MixinForwarderCore.sol": {
		"fnMap": {
			"0": {
				"name": null,
				"line": 46,
				"loc": {
					"start": {
						"line": 46,
						"column": 4
					},
					"end": {
						"line": 54,
						"column": 5
					}
				}
			},
			"7": {
				"name": "marketSellOrdersWithEth",
				"line": 67,
				"loc": {
					"start": {
						"line": 67,
						"column": 4
					},
					"end": {
						"line": 139,
						"column": 5
					}
				}
			},
			"25": {
				"name": "marketBuyOrdersWithEth",
				"line": 152,
				"loc": {
					"start": {
						"line": 152,
						"column": 4
					},
					"end": {
						"line": 212,
						"column": 5
					}
				}
			}
		},
		"branchMap": {
			"4": {
				"line": 50,
				"type": "if",
				"locations": [
					{
						"start": {
							"line": 50,
							"column": 40
						},
						"end": {
							"line": 53,
							"column": 9
						}
					},
					{
						"start": {
							"line": 50,
							"column": 8
						},
						"end": {
							"line": 53,
							"column": 9
						}
					}
				]
			},
			"14": {
				"line": 88,
				"type": "if",
				"locations": [
					{
						"start": {
							"line": 88,
							"column": 61
						},
						"end": {
							"line": 104,
							"column": 9
						}
					},
					{
						"start": {
							"line": 104,
							"column": 15
						},
						"end": {
							"line": 126,
							"column": 9
						}
					}
				]
			},
			"31": {
				"line": 173,
				"type": "if",
				"locations": [
					{
						"start": {
							"line": 173,
							"column": 61
						},
						"end": {
							"line": 183,
							"column": 9
						}
					},
					{
						"start": {
							"line": 183,
							"column": 15
						},
						"end": {
							"line": 199,
							"column": 9
						}
					}
				]
			}
		},
		"statementMap": {
			"1": {
				"start": {
					"line": 46,
					"column": 4
				},
				"end": {
					"line": 54,
					"column": 5
				}
			},
			"2": {
				"start": {
					"line": 49,
					"column": 8
				},
				"end": {
					"line": 49,
					"column": 69
				}
			},
			"3": {
				"start": {
					"line": 50,
					"column": 8
				},
				"end": {
					"line": 53,
					"column": 9
				}
			},
			"5": {
				"start": {
					"line": 51,
					"column": 12
				},
				"end": {
					"line": 51,
					"column": 55
				}
			},
			"6": {
				"start": {
					"line": 52,
					"column": 12
				},
				"end": {
					"line": 52,
					"column": 53
				}
			},
			"8": {
				"start": {
					"line": 67,
					"column": 4
				},
				"end": {
					"line": 139,
					"column": 5
				}
			},
			"9": {
				"start": {
					"line": 83,
					"column": 8
				},
				"end": {
					"line": 83,
					"column": 26
				}
			},
			"10": {
				"start": {
					"line": 85,
					"column": 8
				},
				"end": {
					"line": 85,
					"column": 31
				}
			},
			"11": {
				"start": {
					"line": 86,
					"column": 8
				},
				"end": {
					"line": 86,
					"column": 29
				}
			},
			"12": {
				"start": {
					"line": 87,
					"column": 8
				},
				"end": {
					"line": 87,
					"column": 42
				}
			},
			"13": {
				"start": {
					"line": 88,
					"column": 8
				},
				"end": {
					"line": 126,
					"column": 9
				}
			},
			"15": {
				"start": {
					"line": 90,
					"column": 12
				},
				"end": {
					"line": 94,
					"column": 13
				}
			},
			"16": {
				"start": {
					"line": 97,
					"column": 12
				},
				"end": {
					"line": 101,
					"column": 13
				}
			},
			"17": {
				"start": {
					"line": 103,
					"column": 12
				},
				"end": {
					"line": 103,
					"column": 119
				}
			},
			"18": {
				"start": {
					"line": 106,
					"column": 12
				},
				"end": {
					"line": 110,
					"column": 13
				}
			},
			"19": {
				"start": {
					"line": 113,
					"column": 12
				},
				"end": {
					"line": 117,
					"column": 13
				}
			},
			"20": {
				"start": {
					"line": 119,
					"column": 12
				},
				"end": {
					"line": 119,
					"column": 56
				}
			},
			"21": {
				"start": {
					"line": 120,
					"column": 12
				},
				"end": {
					"line": 124,
					"column": 13
				}
			},
			"22": {
				"start": {
					"line": 125,
					"column": 12
				},
				"end": {
					"line": 125,
					"column": 79
				}
			},
			"23": {
				"start": {
					"line": 130,
					"column": 8
				},
				"end": {
					"line": 135,
					"column": 9
				}
			},
			"24": {
				"start": {
					"line": 138,
					"column": 8
				},
				"end": {
					"line": 138,
					"column": 82
				}
			},
			"26": {
				"start": {
					"line": 152,
					"column": 4
				},
				"end": {
					"line": 212,
					"column": 5
				}
			},
			"27": {
				"start": {
					"line": 169,
					"column": 8
				},
				"end": {
					"line": 169,
					"column": 26
				}
			},
			"28": {
				"start": {
					"line": 171,
					"column": 8
				},
				"end": {
					"line": 171,
					"column": 29
				}
			},
			"29": {
				"start": {
					"line": 172,
					"column": 8
				},
				"end": {
					"line": 172,
					"column": 42
				}
			},
			"30": {
				"start": {
					"line": 173,
					"column": 8
				},
				"end": {
					"line": 199,
					"column": 9
				}
			},
			"32": {
				"start": {
					"line": 176,
					"column": 12
				},
				"end": {
					"line": 180,
					"column": 13
				}
			},
			"33": {
				"start": {
					"line": 182,
					"column": 12
				},
				"end": {
					"line": 182,
					"column": 119
				}
			},
			"34": {
				"start": {
					"line": 186,
					"column": 12
				},
				"end": {
					"line": 190,
					"column": 13
				}
			},
			"35": {
				"start": {
					"line": 192,
					"column": 12
				},
				"end": {
					"line": 192,
					"column": 56
				}
			},
			"36": {
				"start": {
					"line": 193,
					"column": 12
				},
				"end": {
					"line": 197,
					"column": 13
				}
			},
			"37": {
				"start": {
					"line": 198,
					"column": 12
				},
				"end": {
					"line": 198,
					"column": 79
				}
			},
			"38": {
				"start": {
					"line": 203,
					"column": 8
				},
				"end": {
					"line": 208,
					"column": 9
				}
			},
			"39": {
				"start": {
					"line": 211,
					"column": 8
				},
				"end": {
					"line": 211,
					"column": 82
				}
			}
		},
		"modifiersStatementIds": [],
		"path": "/Users/primary/Projects/audits/0x/system_audit/packages/contracts/src/2.0.0/extensions/Forwarder/MixinForwarderCore.sol",
		"f": {
			"0": 1,
			"7": 11,
			"25": 24
		},
		"s": {
			"1": 1,
			"2": 1,
			"3": 1,
			"5": 1,
			"6": 1,
			"8": 11,
			"9": 11,
			"10": 11,
			"11": 11,
			"12": 11,
			"13": 11,
			"15": 1,
			"16": 1,
			"17": 1,
			"18": 10,
			"19": 10,
			"20": 10,
			"21": 10,
			"22": 9,
			"23": 10,
			"24": 8,
			"26": 24,
			"27": 13,
			"28": 13,
			"29": 13,
			"30": 24,
			"32": 1,
			"33": 1,
			"34": 12,
			"35": 10,
			"36": 10,
			"37": 10,
			"38": 11,
			"39": 17
		},
		"b": {
			"4": [
				1,
				1
			],
			"14": [
				1,
				10
			],
			"31": [
				1,
				12
			]
		},
		"l": {
			"46": 1,
			"49": 1,
			"50": 1,
			"51": 1,
			"52": 1,
			"67": 11,
			"83": 11,
			"85": 11,
			"86": 11,
			"87": 11,
			"88": 11,
			"90": 1,
			"97": 1,
			"103": 1,
			"106": 10,
			"113": 10,
			"119": 10,
			"120": 10,
			"125": 9,
			"130": 10,
			"138": 8,
			"152": 24,
			"169": 13,
			"171": 13,
			"172": 13,
			"173": 24,
			"176": 1,
			"182": 1,
			"186": 12,
			"192": 10,
			"193": 10,
			"198": 10,
			"203": 11,
			"211": 17
		}
	},
	"/Users/primary/Projects/audits/0x/system_audit/packages/contracts/src/2.0.0/extensions/Forwarder/MixinWeth.sol": {
		"fnMap": {
			"0": {
				"name": "",
				"line": 33,
				"loc": {
					"start": {
						"line": 33,
						"column": 4
					},
					"end": {
						"line": 41,
						"column": 5
					}
				}
			},
			"3": {
				"name": "convertEthToWeth",
				"line": 44,
				"loc": {
					"start": {
						"line": 44,
						"column": 4
					},
					"end": {
						"line": 52,
						"column": 5
					}
				}
			},
			"7": {
				"name": "transferEthFeeAndRefund",
				"line": 60,
				"loc": {
					"start": {
						"line": 60,
						"column": 4
					},
					"end": {
						"line": 113,
						"column": 5
					}
				}
			}
		},
		"branchMap": {
			"16": {
				"line": 98,
				"type": "if",
				"locations": [
					{
						"start": {
							"line": 98,
							"column": 31
						},
						"end": {
							"line": 112,
							"column": 9
						}
					},
					{
						"start": {
							"line": 98,
							"column": 8
						},
						"end": {
							"line": 112,
							"column": 9
						}
					}
				]
			},
			"19": {
				"line": 103,
				"type": "if",
				"locations": [
					{
						"start": {
							"line": 103,
							"column": 28
						},
						"end": {
							"line": 105,
							"column": 13
						}
					},
					{
						"start": {
							"line": 103,
							"column": 12
						},
						"end": {
							"line": 105,
							"column": 13
						}
					}
				]
			},
			"23": {
				"line": 109,
				"type": "if",
				"locations": [
					{
						"start": {
							"line": 109,
							"column": 31
						},
						"end": {
							"line": 111,
							"column": 13
						}
					},
					{
						"start": {
							"line": 109,
							"column": 12
						},
						"end": {
							"line": 111,
							"column": 13
						}
					}
				]
			}
		},
		"statementMap": {
			"1": {
				"start": {
					"line": 33,
					"column": 4
				},
				"end": {
					"line": 41,
					"column": 5
				}
			},
			"2": {
				"start": {
					"line": 37,
					"column": 8
				},
				"end": {
					"line": 40,
					"column": 9
				}
			},
			"4": {
				"start": {
					"line": 44,
					"column": 4
				},
				"end": {
					"line": 52,
					"column": 5
				}
			},
			"5": {
				"start": {
					"line": 47,
					"column": 8
				},
				"end": {
					"line": 50,
					"column": 9
				}
			},
			"6": {
				"start": {
					"line": 51,
					"column": 8
				},
				"end": {
					"line": 51,
					"column": 46
				}
			},
			"8": {
				"start": {
					"line": 60,
					"column": 4
				},
				"end": {
					"line": 113,
					"column": 5
				}
			},
			"9": {
				"start": {
					"line": 69,
					"column": 8
				},
				"end": {
					"line": 72,
					"column": 9
				}
			},
			"10": {
				"start": {
					"line": 75,
					"column": 8
				},
				"end": {
					"line": 75,
					"column": 79
				}
			},
			"11": {
				"start": {
					"line": 76,
					"column": 8
				},
				"end": {
					"line": 79,
					"column": 9
				}
			},
			"12": {
				"start": {
					"line": 82,
					"column": 8
				},
				"end": {
					"line": 82,
					"column": 61
				}
			},
			"13": {
				"start": {
					"line": 85,
					"column": 8
				},
				"end": {
					"line": 89,
					"column": 10
				}
			},
			"14": {
				"start": {
					"line": 92,
					"column": 8
				},
				"end": {
					"line": 95,
					"column": 9
				}
			},
			"15": {
				"start": {
					"line": 98,
					"column": 8
				},
				"end": {
					"line": 112,
					"column": 9
				}
			},
			"17": {
				"start": {
					"line": 100,
					"column": 12
				},
				"end": {
					"line": 100,
					"column": 47
				}
			},
			"18": {
				"start": {
					"line": 103,
					"column": 12
				},
				"end": {
					"line": 105,
					"column": 13
				}
			},
			"20": {
				"start": {
					"line": 104,
					"column": 16
				},
				"end": {
					"line": 104,
					"column": 45
				}
			},
			"21": {
				"start": {
					"line": 108,
					"column": 12
				},
				"end": {
					"line": 108,
					"column": 63
				}
			},
			"22": {
				"start": {
					"line": 109,
					"column": 12
				},
				"end": {
					"line": 111,
					"column": 13
				}
			},
			"24": {
				"start": {
					"line": 110,
					"column": 16
				},
				"end": {
					"line": 110,
					"column": 46
				}
			}
		},
		"modifiersStatementIds": [],
		"path": "/Users/primary/Projects/audits/0x/system_audit/packages/contracts/src/2.0.0/extensions/Forwarder/MixinWeth.sol",
		"f": {
			"0": 20,
			"3": 24,
			"7": 21
		},
		"s": {
			"1": 20,
			"2": 20,
			"4": 24,
			"5": 24,
			"6": 24,
			"8": 21,
			"9": 21,
			"10": 21,
			"11": 19,
			"12": 19,
			"13": 19,
			"14": 19,
			"15": 17,
			"17": 11,
			"18": 11,
			"20": 2,
			"21": 11,
			"22": 17,
			"24": 11
		},
		"b": {
			"16": [
				17,
				17
			],
			"19": [
				2,
				11
			],
			"23": [
				11,
				17
			]
		},
		"l": {
			"33": 20,
			"37": 20,
			"44": 24,
			"47": 24,
			"51": 24,
			"60": 21,
			"69": 21,
			"75": 21,
			"76": 19,
			"82": 19,
			"85": 19,
			"92": 19,
			"98": 17,
			"100": 11,
			"103": 11,
			"104": 2,
			"108": 11,
			"109": 17,
			"110": 11
		}
	},
	"/Users/primary/Projects/audits/0x/system_audit/packages/contracts/src/2.0.0/extensions/Forwarder/interfaces/IAssets.sol": {
		"fnMap": {
			"0": {
				"name": "withdrawAsset",
				"line": 29,
				"loc": {
					"start": {
						"line": 29,
						"column": 4
					},
					"end": {
						"line": 33,
						"column": 17
					}
				}
			}
		},
		"branchMap": {},
		"statementMap": {
			"1": {
				"start": {
					"line": 29,
					"column": 4
				},
				"end": {
					"line": 33,
					"column": 17
				}
			}
		},
		"modifiersStatementIds": [],
		"path": "/Users/primary/Projects/audits/0x/system_audit/packages/contracts/src/2.0.0/extensions/Forwarder/interfaces/IAssets.sol",
		"f": {
			"0": 0
		},
		"s": {
			"1": 0
		},
		"b": {},
		"l": {
			"29": 0
		}
	},
	"/Users/primary/Projects/audits/0x/system_audit/packages/contracts/src/2.0.0/extensions/Forwarder/interfaces/IForwarderCore.sol": {
		"fnMap": {
			"0": {
				"name": "marketSellOrdersWithEth",
				"line": 39,
				"loc": {
					"start": {
						"line": 39,
						"column": 4
					},
					"end": {
						"line": 52,
						"column": 10
					}
				}
			},
			"2": {
				"name": "marketBuyOrdersWithEth",
				"line": 65,
				"loc": {
					"start": {
						"line": 65,
						"column": 4
					},
					"end": {
						"line": 79,
						"column": 10
					}
				}
			}
		},
		"branchMap": {},
		"statementMap": {
			"1": {
				"start": {
					"line": 39,
					"column": 4
				},
				"end": {
					"line": 52,
					"column": 10
				}
			},
			"3": {
				"start": {
					"line": 65,
					"column": 4
				},
				"end": {
					"line": 79,
					"column": 10
				}
			}
		},
		"modifiersStatementIds": [],
		"path": "/Users/primary/Projects/audits/0x/system_audit/packages/contracts/src/2.0.0/extensions/Forwarder/interfaces/IForwarderCore.sol",
		"f": {
			"0": 0,
			"2": 0
		},
		"s": {
			"1": 0,
			"3": 0
		},
		"b": {},
		"l": {
			"39": 0,
			"65": 0
		}
	},
	"/Users/primary/Projects/audits/0x/system_audit/packages/contracts/src/2.0.0/extensions/Forwarder/libs/LibConstants.sol": {
		"fnMap": {
			"0": {
				"name": null,
				"line": 46,
				"loc": {
					"start": {
						"line": 46,
						"column": 4
					},
					"end": {
						"line": 61,
						"column": 5
					}
				}
			}
		},
		"branchMap": {},
		"statementMap": {
			"1": {
				"start": {
					"line": 46,
					"column": 4
				},
				"end": {
					"line": 61,
					"column": 5
				}
			},
			"2": {
				"start": {
					"line": 53,
					"column": 8
				},
				"end": {
					"line": 53,
					"column": 39
				}
			},
			"3": {
				"start": {
					"line": 54,
					"column": 8
				},
				"end": {
					"line": 54,
					"column": 38
				}
			},
			"4": {
				"start": {
					"line": 55,
					"column": 8
				},
				"end": {
					"line": 55,
					"column": 40
				}
			},
			"5": {
				"start": {
					"line": 57,
					"column": 8
				},
				"end": {
					"line": 57,
					"column": 60
				}
			},
			"6": {
				"start": {
					"line": 58,
					"column": 8
				},
				"end": {
					"line": 58,
					"column": 57
				}
			},
			"7": {
				"start": {
					"line": 59,
					"column": 8
				},
				"end": {
					"line": 59,
					"column": 45
				}
			},
			"8": {
				"start": {
					"line": 60,
					"column": 8
				},
				"end": {
					"line": 60,
					"column": 41
				}
			}
		},
		"modifiersStatementIds": [],
		"path": "/Users/primary/Projects/audits/0x/system_audit/packages/contracts/src/2.0.0/extensions/Forwarder/libs/LibConstants.sol",
		"f": {
			"0": 1
		},
		"s": {
			"1": 1,
			"2": 1,
			"3": 1,
			"4": 1,
			"5": 1,
			"6": 1,
			"7": 1,
			"8": 1
		},
		"b": {},
		"l": {
			"46": 1,
			"53": 1,
			"54": 1,
			"55": 1,
			"57": 1,
			"58": 1,
			"59": 1,
			"60": 1
		}
	},
	"/Users/primary/Projects/audits/0x/system_audit/packages/contracts/src/2.0.0/extensions/Forwarder/mixins/MAssets.sol": {
		"fnMap": {
			"0": {
				"name": "transferAssetToSender",
				"line": 31,
				"loc": {
					"start": {
						"line": 31,
						"column": 4
					},
					"end": {
						"line": 35,
						"column": 17
					}
				}
			},
			"2": {
				"name": "transferERC20Token",
				"line": 40,
				"loc": {
					"start": {
						"line": 40,
						"column": 4
					},
					"end": {
						"line": 44,
						"column": 17
					}
				}
			},
			"4": {
				"name": "transferERC721Token",
				"line": 49,
				"loc": {
					"start": {
						"line": 49,
						"column": 4
					},
					"end": {
						"line": 53,
						"column": 17
					}
				}
			}
		},
		"branchMap": {},
		"statementMap": {
			"1": {
				"start": {
					"line": 31,
					"column": 4
				},
				"end": {
					"line": 35,
					"column": 17
				}
			},
			"3": {
				"start": {
					"line": 40,
					"column": 4
				},
				"end": {
					"line": 44,
					"column": 17
				}
			},
			"5": {
				"start": {
					"line": 49,
					"column": 4
				},
				"end": {
					"line": 53,
					"column": 17
				}
			}
		},
		"modifiersStatementIds": [],
		"path": "/Users/primary/Projects/audits/0x/system_audit/packages/contracts/src/2.0.0/extensions/Forwarder/mixins/MAssets.sol",
		"f": {
			"0": 0,
			"2": 0,
			"4": 0
		},
		"s": {
			"1": 0,
			"3": 0,
			"5": 0
		},
		"b": {},
		"l": {
			"31": 0,
			"40": 0,
			"49": 0
		}
	},
	"/Users/primary/Projects/audits/0x/system_audit/packages/contracts/src/2.0.0/extensions/Forwarder/mixins/MExchangeWrapper.sol": {
		"fnMap": {
			"0": {
				"name": "fillOrderNoThrow",
				"line": 34,
				"loc": {
					"start": {
						"line": 34,
						"column": 4
					},
					"end": {
						"line": 40,
						"column": 64
					}
				}
			},
			"2": {
				"name": "marketSellWeth",
				"line": 48,
				"loc": {
					"start": {
						"line": 48,
						"column": 4
					},
					"end": {
						"line": 54,
						"column": 69
					}
				}
			},
			"4": {
				"name": "marketBuyExactAmountWithWeth",
				"line": 63,
				"loc": {
					"start": {
						"line": 63,
						"column": 4
					},
					"end": {
						"line": 69,
						"column": 69
					}
				}
			},
			"6": {
				"name": "marketBuyExactZrxWithWeth",
				"line": 80,
				"loc": {
					"start": {
						"line": 80,
						"column": 4
					},
					"end": {
						"line": 86,
						"column": 69
					}
				}
			}
		},
		"branchMap": {},
		"statementMap": {
			"1": {
				"start": {
					"line": 34,
					"column": 4
				},
				"end": {
					"line": 40,
					"column": 64
				}
			},
			"3": {
				"start": {
					"line": 48,
					"column": 4
				},
				"end": {
					"line": 54,
					"column": 69
				}
			},
			"5": {
				"start": {
					"line": 63,
					"column": 4
				},
				"end": {
					"line": 69,
					"column": 69
				}
			},
			"7": {
				"start": {
					"line": 80,
					"column": 4
				},
				"end": {
					"line": 86,
					"column": 69
				}
			}
		},
		"modifiersStatementIds": [],
		"path": "/Users/primary/Projects/audits/0x/system_audit/packages/contracts/src/2.0.0/extensions/Forwarder/mixins/MExchangeWrapper.sol",
		"f": {
			"0": 0,
			"2": 0,
			"4": 0,
			"6": 0
		},
		"s": {
			"1": 0,
			"3": 0,
			"5": 0,
			"7": 0
		},
		"b": {},
		"l": {
			"34": 0,
			"48": 0,
			"63": 0,
			"80": 0
		}
	},
	"/Users/primary/Projects/audits/0x/system_audit/packages/contracts/src/2.0.0/extensions/Forwarder/mixins/MWeth.sol": {
		"fnMap": {
			"0": {
				"name": "convertEthToWeth",
				"line": 25,
				"loc": {
					"start": {
						"line": 25,
						"column": 4
					},
					"end": {
						"line": 26,
						"column": 17
					}
				}
			},
			"2": {
				"name": "transferEthFeeAndRefund",
				"line": 34,
				"loc": {
					"start": {
						"line": 34,
						"column": 4
					},
					"end": {
						"line": 40,
						"column": 17
					}
				}
			}
		},
		"branchMap": {},
		"statementMap": {
			"1": {
				"start": {
					"line": 25,
					"column": 4
				},
				"end": {
					"line": 26,
					"column": 17
				}
			},
			"3": {
				"start": {
					"line": 34,
					"column": 4
				},
				"end": {
					"line": 40,
					"column": 17
				}
			}
		},
		"modifiersStatementIds": [],
		"path": "/Users/primary/Projects/audits/0x/system_audit/packages/contracts/src/2.0.0/extensions/Forwarder/mixins/MWeth.sol",
		"f": {
			"0": 0,
			"2": 0
		},
		"s": {
			"1": 0,
			"3": 0
		},
		"b": {},
		"l": {
			"25": 0,
			"34": 0
		}
	},
	"/Users/primary/Projects/audits/0x/system_audit/packages/contracts/src/2.0.0/extensions/OrderValidator/OrderValidator.sol": {
		"fnMap": {
			"0": {
				"name": null,
				"line": 52,
				"loc": {
					"start": {
						"line": 52,
						"column": 4
					},
					"end": {
						"line": 57,
						"column": 5
					}
				}
			},
			"4": {
				"name": "getOrderAndTraderInfo",
				"line": 63,
				"loc": {
					"start": {
						"line": 63,
						"column": 4
					},
					"end": {
						"line": 71,
						"column": 5
					}
				}
			},
			"9": {
				"name": "getOrdersAndTradersInfo",
				"line": 77,
				"loc": {
					"start": {
						"line": 77,
						"column": 4
					},
					"end": {
						"line": 85,
						"column": 5
					}
				}
			},
			"14": {
				"name": "getTraderInfo",
				"line": 91,
				"loc": {
					"start": {
						"line": 91,
						"column": 4
					},
					"end": {
						"line": 102,
						"column": 5
					}
				}
			},
			"22": {
				"name": "getTradersInfo",
				"line": 108,
				"loc": {
					"start": {
						"line": 108,
						"column": 4
					},
					"end": {
						"line": 119,
						"column": 5
					}
				}
			},
			"31": {
				"name": "getBalanceAndAllowance",
				"line": 126,
				"loc": {
					"start": {
						"line": 126,
						"column": 4
					},
					"end": {
						"line": 159,
						"column": 5
					}
				}
			},
			"52": {
				"name": "getBalancesAndAllowances",
				"line": 166,
				"loc": {
					"start": {
						"line": 166,
						"column": 4
					},
					"end": {
						"line": 178,
						"column": 5
					}
				}
			},
			"62": {
				"name": "getERC721TokenOwner",
				"line": 184,
				"loc": {
					"start": {
						"line": 184,
						"column": 4
					},
					"end": {
						"line": 217,
						"column": 5
					}
				}
			}
		},
		"branchMap": {
			"37": {
				"line": 135,
				"type": "if",
				"locations": [
					{
						"start": {
							"line": 135,
							"column": 43
						},
						"end": {
							"line": 141,
							"column": 9
						}
					},
					{
						"start": {
							"line": 141,
							"column": 15
						},
						"end": {
							"line": 157,
							"column": 9
						}
					}
				]
			},
			"41": {
				"line": 141,
				"type": "if",
				"locations": [
					{
						"start": {
							"line": 141,
							"column": 51
						},
						"end": {
							"line": 155,
							"column": 9
						}
					},
					{
						"start": {
							"line": 155,
							"column": 15
						},
						"end": {
							"line": 157,
							"column": 9
						}
					}
				]
			},
			"45": {
				"line": 148,
				"type": "cond-expr",
				"locations": [
					{
						"start": {
							"line": 148,
							"column": 40
						},
						"end": {
							"line": 148,
							"column": 41
						}
					},
					{
						"start": {
							"line": 148,
							"column": 44
						},
						"end": {
							"line": 148,
							"column": 45
						}
					}
				]
			},
			"47": {
				"line": 151,
				"type": "binary-expr",
				"locations": [
					{
						"start": {
							"line": 151,
							"column": 30
						},
						"end": {
							"line": 151,
							"column": 86
						}
					},
					{
						"start": {
							"line": 151,
							"column": 90
						},
						"end": {
							"line": 151,
							"column": 144
						}
					}
				]
			},
			"49": {
				"line": 154,
				"type": "cond-expr",
				"locations": [
					{
						"start": {
							"line": 154,
							"column": 37
						},
						"end": {
							"line": 154,
							"column": 38
						}
					},
					{
						"start": {
							"line": 154,
							"column": 41
						},
						"end": {
							"line": 154,
							"column": 42
						}
					}
				]
			}
		},
		"statementMap": {
			"1": {
				"start": {
					"line": 52,
					"column": 4
				},
				"end": {
					"line": 57,
					"column": 5
				}
			},
			"2": {
				"start": {
					"line": 55,
					"column": 8
				},
				"end": {
					"line": 55,
					"column": 39
				}
			},
			"3": {
				"start": {
					"line": 56,
					"column": 8
				},
				"end": {
					"line": 56,
					"column": 38
				}
			},
			"5": {
				"start": {
					"line": 63,
					"column": 4
				},
				"end": {
					"line": 71,
					"column": 5
				}
			},
			"6": {
				"start": {
					"line": 68,
					"column": 8
				},
				"end": {
					"line": 68,
					"column": 48
				}
			},
			"7": {
				"start": {
					"line": 69,
					"column": 8
				},
				"end": {
					"line": 69,
					"column": 55
				}
			},
			"8": {
				"start": {
					"line": 70,
					"column": 8
				},
				"end": {
					"line": 70,
					"column": 39
				}
			},
			"10": {
				"start": {
					"line": 77,
					"column": 4
				},
				"end": {
					"line": 85,
					"column": 5
				}
			},
			"11": {
				"start": {
					"line": 82,
					"column": 8
				},
				"end": {
					"line": 82,
					"column": 51
				}
			},
			"12": {
				"start": {
					"line": 83,
					"column": 8
				},
				"end": {
					"line": 83,
					"column": 60
				}
			},
			"13": {
				"start": {
					"line": 84,
					"column": 8
				},
				"end": {
					"line": 84,
					"column": 41
				}
			},
			"15": {
				"start": {
					"line": 91,
					"column": 4
				},
				"end": {
					"line": 102,
					"column": 5
				}
			},
			"16": {
				"start": {
					"line": 96,
					"column": 8
				},
				"end": {
					"line": 96,
					"column": 127
				}
			},
			"17": {
				"start": {
					"line": 97,
					"column": 8
				},
				"end": {
					"line": 97,
					"column": 121
				}
			},
			"18": {
				"start": {
					"line": 98,
					"column": 8
				},
				"end": {
					"line": 98,
					"column": 51
				}
			},
			"19": {
				"start": {
					"line": 99,
					"column": 8
				},
				"end": {
					"line": 99,
					"column": 125
				}
			},
			"20": {
				"start": {
					"line": 100,
					"column": 8
				},
				"end": {
					"line": 100,
					"column": 119
				}
			},
			"21": {
				"start": {
					"line": 101,
					"column": 8
				},
				"end": {
					"line": 101,
					"column": 26
				}
			},
			"23": {
				"start": {
					"line": 108,
					"column": 4
				},
				"end": {
					"line": 119,
					"column": 5
				}
			},
			"24": {
				"start": {
					"line": 113,
					"column": 8
				},
				"end": {
					"line": 113,
					"column": 45
				}
			},
			"25": {
				"start": {
					"line": 114,
					"column": 8
				},
				"end": {
					"line": 114,
					"column": 73
				}
			},
			"26": {
				"start": {
					"line": 115,
					"column": 8
				},
				"end": {
					"line": 117,
					"column": 9
				}
			},
			"27": {
				"start": {
					"line": 115,
					"column": 13
				},
				"end": {
					"line": 115,
					"column": 27
				}
			},
			"28": {
				"start": {
					"line": 115,
					"column": 47
				},
				"end": {
					"line": 115,
					"column": 50
				}
			},
			"29": {
				"start": {
					"line": 116,
					"column": 12
				},
				"end": {
					"line": 116,
					"column": 72
				}
			},
			"30": {
				"start": {
					"line": 118,
					"column": 8
				},
				"end": {
					"line": 118,
					"column": 27
				}
			},
			"32": {
				"start": {
					"line": 126,
					"column": 4
				},
				"end": {
					"line": 159,
					"column": 5
				}
			},
			"33": {
				"start": {
					"line": 131,
					"column": 8
				},
				"end": {
					"line": 131,
					"column": 54
				}
			},
			"34": {
				"start": {
					"line": 132,
					"column": 8
				},
				"end": {
					"line": 132,
					"column": 50
				}
			},
			"35": {
				"start": {
					"line": 133,
					"column": 8
				},
				"end": {
					"line": 133,
					"column": 66
				}
			},
			"36": {
				"start": {
					"line": 135,
					"column": 8
				},
				"end": {
					"line": 157,
					"column": 9
				}
			},
			"38": {
				"start": {
					"line": 137,
					"column": 12
				},
				"end": {
					"line": 137,
					"column": 58
				}
			},
			"39": {
				"start": {
					"line": 140,
					"column": 12
				},
				"end": {
					"line": 140,
					"column": 72
				}
			},
			"40": {
				"start": {
					"line": 141,
					"column": 15
				},
				"end": {
					"line": 157,
					"column": 9
				}
			},
			"42": {
				"start": {
					"line": 142,
					"column": 12
				},
				"end": {
					"line": 142,
					"column": 56
				}
			},
			"43": {
				"start": {
					"line": 145,
					"column": 12
				},
				"end": {
					"line": 145,
					"column": 64
				}
			},
			"44": {
				"start": {
					"line": 148,
					"column": 12
				},
				"end": {
					"line": 148,
					"column": 45
				}
			},
			"46": {
				"start": {
					"line": 151,
					"column": 12
				},
				"end": {
					"line": 151,
					"column": 145
				}
			},
			"48": {
				"start": {
					"line": 154,
					"column": 12
				},
				"end": {
					"line": 154,
					"column": 42
				}
			},
			"50": {
				"start": {
					"line": 156,
					"column": 12
				},
				"end": {
					"line": 156,
					"column": 45
				}
			},
			"51": {
				"start": {
					"line": 158,
					"column": 8
				},
				"end": {
					"line": 158,
					"column": 36
				}
			},
			"53": {
				"start": {
					"line": 166,
					"column": 4
				},
				"end": {
					"line": 178,
					"column": 5
				}
			},
			"54": {
				"start": {
					"line": 171,
					"column": 8
				},
				"end": {
					"line": 171,
					"column": 42
				}
			},
			"55": {
				"start": {
					"line": 172,
					"column": 8
				},
				"end": {
					"line": 172,
					"column": 58
				}
			},
			"56": {
				"start": {
					"line": 173,
					"column": 8
				},
				"end": {
					"line": 173,
					"column": 60
				}
			},
			"57": {
				"start": {
					"line": 174,
					"column": 8
				},
				"end": {
					"line": 176,
					"column": 9
				}
			},
			"58": {
				"start": {
					"line": 174,
					"column": 13
				},
				"end": {
					"line": 174,
					"column": 27
				}
			},
			"59": {
				"start": {
					"line": 174,
					"column": 41
				},
				"end": {
					"line": 174,
					"column": 44
				}
			},
			"60": {
				"start": {
					"line": 175,
					"column": 12
				},
				"end": {
					"line": 175,
					"column": 87
				}
			},
			"61": {
				"start": {
					"line": 177,
					"column": 8
				},
				"end": {
					"line": 177,
					"column": 38
				}
			},
			"63": {
				"start": {
					"line": 184,
					"column": 4
				},
				"end": {
					"line": 217,
					"column": 5
				}
			},
			"64": {
				"start": {
					"line": 189,
					"column": 8
				},
				"end": {
					"line": 213,
					"column": 9
				}
			},
			"65": {
				"start": {
					"line": 216,
					"column": 8
				},
				"end": {
					"line": 216,
					"column": 21
				}
			}
		},
		"modifiersStatementIds": [],
		"path": "/Users/primary/Projects/audits/0x/system_audit/packages/contracts/src/2.0.0/extensions/OrderValidator/OrderValidator.sol",
		"f": {
			"0": 1,
			"4": 19,
			"9": 2,
			"14": 8,
			"22": 17,
			"31": 17,
			"52": 2,
			"62": 19
		},
		"s": {
			"1": 1,
			"2": 1,
			"3": 1,
			"5": 19,
			"6": 2,
			"7": 4,
			"8": 0,
			"10": 2,
			"11": 2,
			"12": 2,
			"13": 0,
			"15": 8,
			"16": 8,
			"17": 8,
			"18": 8,
			"19": 8,
			"20": 8,
			"21": 0,
			"23": 17,
			"24": 4,
			"25": 4,
			"26": 4,
			"27": 4,
			"28": 4,
			"29": 4,
			"30": 4,
			"32": 17,
			"33": 17,
			"34": 17,
			"35": 17,
			"36": 17,
			"38": 12,
			"39": 12,
			"40": 17,
			"42": 15,
			"43": 15,
			"44": 15,
			"46": 15,
			"48": 15,
			"50": 0,
			"51": 0,
			"53": 2,
			"54": 2,
			"55": 2,
			"56": 2,
			"57": 2,
			"58": 2,
			"59": 2,
			"60": 2,
			"61": 2,
			"63": 19,
			"64": 17,
			"65": 0
		},
		"b": {
			"37": [
				12,
				17
			],
			"41": [
				15,
				0
			],
			"45": [
				7,
				10
			],
			"47": [
				15,
				12
			],
			"49": [
				7,
				8
			]
		},
		"l": {
			"52": 1,
			"55": 1,
			"56": 1,
			"63": 19,
			"68": 2,
			"69": 4,
			"70": 0,
			"77": 2,
			"82": 2,
			"83": 2,
			"84": 0,
			"91": 8,
			"96": 8,
			"97": 8,
			"98": 8,
			"99": 8,
			"100": 8,
			"101": 0,
			"108": 17,
			"113": 4,
			"114": 4,
			"115": 4,
			"116": 4,
			"118": 4,
			"126": 17,
			"131": 17,
[...]
					"column": 65
				}
			},
			"18": {
				"start": {
					"line": 77,
					"column": 8
				},
				"end": {
					"line": 77,
					"column": 64
				}
			},
			"19": {
				"start": {
					"line": 73,
					"column": 8
				},
				"end": {
					"line": 73,
					"column": 18
				}
			},
			"20": {
				"start": {
					"line": 74,
					"column": 8
				},
				"end": {
					"line": 74,
					"column": 35
				}
			},
			"22": {
				"start": {
					"line": 82,
					"column": 4
				},
				"end": {
					"line": 97,
					"column": 5
				}
			},
			"23": {
				"start": {
					"line": 88,
					"column": 8
				},
				"end": {
					"line": 88,
					"column": 61
				}
			},
			"24": {
				"start": {
					"line": 89,
					"column": 8
				},
				"end": {
					"line": 89,
					"column": 26
				}
			},
			"25": {
				"start": {
					"line": 91,
					"column": 8
				},
				"end": {
					"line": 96,
					"column": 9
				}
			},
			"27": {
				"start": {
					"line": 92,
					"column": 12
				},
				"end": {
					"line": 92,
					"column": 36
				}
			},
			"28": {
				"start": {
					"line": 94,
					"column": 12
				},
				"end": {
					"line": 94,
					"column": 43
				}
			},
			"29": {
				"start": {
					"line": 95,
					"column": 12
				},
				"end": {
					"line": 95,
					"column": 31
				}
			},
			"30": {
				"start": {
					"line": 84,
					"column": 8
				},
				"end": {
					"line": 84,
					"column": 34
				}
			},
			"31": {
				"start": {
					"line": 85,
					"column": 8
				},
				"end": {
					"line": 85,
					"column": 37
				}
			},
			"32": {
				"start": {
					"line": 86,
					"column": 8
				},
				"end": {
					"line": 86,
					"column": 60
				}
			},
			"34": {
				"start": {
					"line": 103,
					"column": 4
				},
				"end": {
					"line": 118,
					"column": 5
				}
			},
			"35": {
				"start": {
					"line": 110,
					"column": 8
				},
				"end": {
					"line": 110,
					"column": 38
				}
			},
			"36": {
				"start": {
					"line": 111,
					"column": 8
				},
				"end": {
					"line": 116,
					"column": 9
				}
			},
			"37": {
				"start": {
					"line": 117,
					"column": 8
				},
				"end": {
					"line": 117,
					"column": 22
				}
			}
		},
		"modifiersStatementIds": [
			14,
			19,
			20,
			30,
			31,
			32
		],
		"path": "/Users/primary/Projects/audits/0x/system_audit/packages/contracts/src/2.0.0/protocol/AssetProxyOwner/AssetProxyOwner.sol",
		"f": {
			"0": 7,
			"6": 3,
			"15": 4,
			"21": 6,
			"33": 9
		},
		"s": {
			"1": 7,
			"2": 7,
			"3": 7,
			"4": 5,
			"5": 1,
			"7": 3,
			"8": 3,
			"9": 3,
			"10": 2,
			"11": 3,
			"12": 2,
			"13": 2,
			"14": 3,
			"16": 4,
			"17": 2,
			"18": 2,
			"19": 4,
			"20": 4,
			"22": 6,
			"23": 6,
			"24": 2,
			"25": 2,
			"27": 2,
			"28": 0,
			"29": 0,
			"30": 6,
			"31": 6,
			"32": 6,
			"34": 9,
			"35": 9,
			"36": 8,
			"37": 0
		},
		"b": {
			"26": [
				2,
				0
			]
		},
		"l": {
			"38": 7,
			"39": 7,
			"40": 7,
			"41": 5,
			"42": 1,
			"51": 3,
			"58": 3,
			"60": 3,
			"61": 3,
			"62": 2,
			"63": 2,
			"71": 4,
			"73": 4,
			"74": 4,
			"76": 2,
			"77": 2,
			"82": 6,
			"84": 6,
			"85": 6,
			"86": 6,
			"88": 6,
			"89": 2,
			"91": 2,
			"92": 2,
			"94": 0,
			"95": 0,
			"103": 9,
			"110": 9,
			"111": 8,
			"117": 0
		}
	},
	"/Users/primary/Projects/audits/0x/system_audit/packages/contracts/src/2.0.0/test/TestAssetProxyOwner/TestAssetProxyOwner.sol": {
		"fnMap": {
			"0": {
				"name": "TestAssetProxyOwner",
				"line": 29,
				"loc": {
					"start": {
						"line": 29,
						"column": 4
					},
					"end": {
						"line": 37,
						"column": 6
					}
				}
			},
			"3": {
				"name": "testValidRemoveAuthorizedAddressAtIndexTx",
				"line": 39,
				"loc": {
					"start": {
						"line": 39,
						"column": 4
					},
					"end": {
						"line": 46,
						"column": 5
					}
				}
			},
			"7": {
				"name": "isFunctionRemoveAuthorizedAddressAtIndex",
				"line": 51,
				"loc": {
					"start": {
						"line": 51,
						"column": 4
					},
					"end": {
						"line": 56,
						"column": 5
					}
				}
			},
			"10": {
				"name": "publicReadBytes4",
				"line": 62,
				"loc": {
					"start": {
						"line": 62,
						"column": 4
					},
					"end": {
						"line": 71,
						"column": 5
					}
				}
			}
		},
		"branchMap": {},
		"statementMap": {
			"1": {
				"start": {
					"line": 29,
					"column": 4
				},
				"end": {
					"line": 37,
					"column": 6
				}
			},
			"2": {
				"start": {
					"line": 36,
					"column": 8
				},
				"end": {
					"line": 36,
					"column": 85
				}
			},
			"4": {
				"start": {
					"line": 39,
					"column": 4
				},
				"end": {
					"line": 46,
					"column": 5
				}
			},
			"5": {
				"start": {
					"line": 45,
					"column": 8
				},
				"end": {
					"line": 45,
					"column": 20
				}
			},
			"6": {
				"start": {
					"line": 41,
					"column": 8
				},
				"end": {
					"line": 41,
					"column": 49
				}
			},
			"8": {
				"start": {
					"line": 51,
					"column": 4
				},
				"end": {
					"line": 56,
					"column": 5
				}
			},
			"9": {
				"start": {
					"line": 55,
					"column": 8
				},
				"end": {
					"line": 55,
					"column": 82
				}
			},
			"11": {
				"start": {
					"line": 62,
					"column": 4
				},
				"end": {
					"line": 71,
					"column": 5
				}
			},
			"12": {
				"start": {
					"line": 69,
					"column": 8
				},
				"end": {
					"line": 69,
					"column": 37
				}
			},
			"13": {
				"start": {
					"line": 70,
					"column": 8
				},
				"end": {
					"line": 70,
					"column": 22
				}
			}
		},
		"modifiersStatementIds": [
			2,
			6
		],
		"path": "/Users/primary/Projects/audits/0x/system_audit/packages/contracts/src/2.0.0/test/TestAssetProxyOwner/TestAssetProxyOwner.sol",
		"f": {
			"0": 1,
			"3": 3,
			"7": 2,
			"10": 2
		},
		"s": {
			"1": 1,
			"2": 1,
			"4": 3,
			"5": 1,
			"6": 3,
			"8": 2,
			"9": 2,
			"11": 2,
			"12": 2,
			"13": 0
		},
		"b": {},
		"l": {
			"29": 1,
			"36": 1,
			"39": 3,
			"41": 3,
			"45": 1,
			"51": 2,
			"55": 2,
			"62": 2,
			"69": 2,
			"70": 0
		}
	},
	"/Users/primary/Projects/audits/0x/system_audit/packages/contracts/src/1.0.0/ERC20Token/ERC20Token_v1.sol": {
		"fnMap": {
			"0": {
				"name": "transfer",
				"line": 7,
				"loc": {
					"start": {
						"line": 7,
						"column": 4
					},
					"end": {
						"line": 15,
						"column": 5
					}
				}
			},
			"10": {
				"name": "transferFrom",
				"line": 17,
				"loc": {
					"start": {
						"line": 17,
						"column": 4
					},
					"end": {
						"line": 25,
						"column": 5
					}
				}
			},
			"22": {
				"name": "balanceOf",
				"line": 27,
				"loc": {
					"start": {
						"line": 27,
						"column": 4
					},
					"end": {
						"line": 29,
						"column": 5
					}
				}
			},
			"25": {
				"name": "approve",
				"line": 31,
				"loc": {
					"start": {
						"line": 31,
						"column": 4
					},
					"end": {
						"line": 35,
						"column": 5
					}
				}
			},
			"30": {
				"name": "allowance",
				"line": 37,
				"loc": {
					"start": {
						"line": 37,
						"column": 4
					},
					"end": {
						"line": 39,
						"column": 5
					}
				}
			}
		},
		"branchMap": {
			"3": {
				"line": 9,
				"type": "if",
				"locations": [
					{
						"start": {
							"line": 9,
							"column": 87
						},
						"end": {
							"line": 14,
							"column": 9
						}
					},
					{
						"start": {
							"line": 14,
							"column": 15
						},
						"end": {
							"line": 14,
							"column": 32
						}
					}
				]
			},
			"4": {
				"line": 9,
				"type": "binary-expr",
				"locations": [
					{
						"start": {
							"line": 9,
							"column": 12
						},
						"end": {
							"line": 9,
							"column": 42
						}
					},
					{
						"start": {
							"line": 9,
							"column": 46
						},
						"end": {
							"line": 9,
							"column": 85
						}
					}
				]
			},
			"13": {
				"line": 18,
				"type": "if",
				"locations": [
					{
						"start": {
							"line": 18,
							"column": 122
						},
						"end": {
							"line": 24,
							"column": 9
						}
					},
					{
						"start": {
							"line": 24,
							"column": 15
						},
						"end": {
							"line": 24,
							"column": 32
						}
					}
				]
			},
			"14": {
				"line": 18,
				"type": "binary-expr",
				"locations": [
					{
						"start": {
							"line": 18,
							"column": 12
						},
						"end": {
							"line": 18,
							"column": 77
						}
					},
					{
						"start": {
							"line": 18,
							"column": 81
						},
						"end": {
							"line": 18,
							"column": 120
						}
					}
				]
			},
			"15": {
				"line": 18,
				"type": "binary-expr",
				"locations": [
					{
						"start": {
							"line": 18,
							"column": 12
						},
						"end": {
							"line": 18,
							"column": 37
						}
					},
					{
						"start": {
							"line": 18,
							"column": 41
						},
						"end": {
							"line": 18,
							"column": 77
						}
					}
				]
			}
		},
		"statementMap": {
			"1": {
				"start": {
					"line": 7,
					"column": 4
				},
				"end": {
					"line": 15,
					"column": 5
				}
			},
			"2": {
				"start": {
					"line": 9,
					"column": 8
				},
				"end": {
					"line": 14,
					"column": 32
				}
			},
			"5": {
				"start": {
					"line": 10,
					"column": 12
				},
				"end": {
					"line": 10,
					"column": 42
				}
			},
			"6": {
				"start": {
					"line": 11,
					"column": 12
				},
				"end": {
					"line": 11,
					"column": 35
				}
			},
			"7": {
				"start": {
					"line": 12,
					"column": 12
				},
				"end": {
					"line": 12,
					"column": 45
				}
			},
			"8": {
				"start": {
					"line": 13,
					"column": 12
				},
				"end": {
					"line": 13,
					"column": 24
				}
			},
			"9": {
				"start": {
					"line": 14,
					"column": 17
				},
				"end": {
					"line": 14,
					"column": 30
				}
			},
			"11": {
				"start": {
					"line": 17,
					"column": 4
				},
				"end": {
					"line": 25,
					"column": 5
				}
			},
			"12": {
				"start": {
					"line": 18,
					"column": 8
				},
				"end": {
					"line": 24,
					"column": 32
				}
			},
			"16": {
				"start": {
					"line": 19,
					"column": 12
				},
				"end": {
					"line": 19,
					"column": 35
				}
			},
			"17": {
				"start": {
					"line": 20,
					"column": 12
				},
				"end": {
					"line": 20,
					"column": 37
				}
			},
			"18": {
				"start": {
					"line": 21,
					"column": 12
				},
				"end": {
					"line": 21,
					"column": 48
				}
			},
			"19": {
				"start": {
					"line": 22,
					"column": 12
				},
				"end": {
					"line": 22,
					"column": 40
				}
			},
			"20": {
				"start": {
					"line": 23,
					"column": 12
				},
				"end": {
					"line": 23,
					"column": 24
				}
			},
			"21": {
				"start": {
					"line": 24,
					"column": 17
				},
				"end": {
					"line": 24,
					"column": 30
				}
			},
			"23": {
				"start": {
					"line": 27,
					"column": 4
				},
				"end": {
					"line": 29,
					"column": 5
				}
			},
			"24": {
				"start": {
					"line": 28,
					"column": 8
				},
				"end": {
					"line": 28,
					"column": 32
				}
			},
			"26": {
				"start": {
					"line": 31,
					"column": 4
				},
				"end": {
					"line": 35,
					"column": 5
				}
			},
			"27": {
				"start": {
					"line": 32,
					"column": 8
				},
				"end": {
					"line": 32,
					"column": 46
				}
			},
			"28": {
				"start": {
					"line": 33,
					"column": 8
				},
				"end": {
					"line": 33,
					"column": 46
				}
			},
			"29": {
				"start": {
					"line": 34,
					"column": 8
				},
				"end": {
					"line": 34,
					"column": 20
				}
			},
			"31": {
				"start": {
					"line": 37,
					"column": 4
				},
				"end": {
					"line": 39,
					"column": 5
				}
			},
			"32": {
				"start": {
					"line": 38,
					"column": 8
				},
				"end": {
					"line": 38,
					"column": 41
				}
			}
		},
		"modifiersStatementIds": [],
		"path": "/Users/primary/Projects/audits/0x/system_audit/packages/contracts/src/1.0.0/ERC20Token/ERC20Token_v1.sol",
		"f": {
			"0": 2,
			"10": 0,
			"22": 12,
			"25": 12,
			"30": 3
		},
		"s": {
			"1": 2,
			"2": 2,
			"5": 2,
			"6": 2,
			"7": 2,
			"8": 2,
			"9": 0,
			"11": 0,
			"12": 0,
			"16": 0,
			"17": 0,
			"18": 0,
			"19": 0,
			"20": 0,
			"21": 0,
			"23": 12,
			"24": 12,
			"26": 12,
			"27": 4,
			"28": 4,
			"29": 4,
			"31": 3,
			"32": 3
		},
		"b": {
			"3": [
				2,
				0
			],
			"4": [
				2,
				2
			],
			"13": [
				0,
				0
			],
			"14": [
				0,
				0
			],
			"15": [
				0,
				0
			]
		},
		"l": {
			"7": 2,
			"9": 2,
			"10": 2,
			"11": 2,
			"12": 2,
			"13": 2,
			"14": 0,
			"17": 0,
			"18": 0,
			"19": 0,
			"20": 0,
			"21": 0,
			"22": 0,
			"23": 0,
			"24": 0,
			"27": 12,
			"28": 12,
			"31": 12,
			"32": 4,
			"33": 4,
			"34": 4,
			"37": 3,
			"38": 3
		}
	},
	"/Users/primary/Projects/audits/0x/system_audit/packages/contracts/src/1.0.0/Token/Token_v1.sol": {
		"fnMap": {
			"0": {
				"name": "totalSupply",
				"line": 6,
				"loc": {
					"start": {
						"line": 6,
						"column": 4
					},
					"end": {
						"line": 6,
						"column": 60
					}
				}
			},
			"2": {
				"name": "balanceOf",
				"line": 10,
				"loc": {
					"start": {
						"line": 10,
						"column": 4
					},
					"end": {
						"line": 10,
						"column": 73
					}
				}
			},
			"4": {
				"name": "transfer",
				"line": 16,
				"loc": {
					"start": {
						"line": 16,
						"column": 4
					},
					"end": {
						"line": 16,
						"column": 73
					}
				}
			},
			"6": {
				"name": "transferFrom",
				"line": 23,
				"loc": {
					"start": {
						"line": 23,
						"column": 4
					},
					"end": {
						"line": 23,
						"column": 92
					}
				}
			},
			"8": {
				"name": "approve",
				"line": 29,
				"loc": {
					"start": {
						"line": 29,
						"column": 4
					},
					"end": {
						"line": 29,
						"column": 77
					}
				}
			},
			"10": {
				"name": "allowance",
				"line": 34,
				"loc": {
					"start": {
						"line": 34,
						"column": 4
					},
					"end": {
						"line": 34,
						"column": 93
					}
				}
			}
		},
		"branchMap": {},
		"statementMap": {
			"1": {
				"start": {
					"line": 6,
					"column": 4
				},
				"end": {
					"line": 6,
					"column": 60
				}
			},
			"3": {
				"start": {
					"line": 10,
					"column": 4
				},
				"end": {
					"line": 10,
					"column": 73
				}
			},
			"5": {
				"start": {
					"line": 16,
					"column": 4
				},
				"end": {
					"line": 16,
					"column": 73
				}
			},
			"7": {
				"start": {
					"line": 23,
					"column": 4
				},
				"end": {
					"line": 23,
					"column": 92
				}
			},
			"9": {
				"start": {
					"line": 29,
					"column": 4
				},
				"end": {
					"line": 29,
					"column": 77
				}
			},
			"11": {
				"start": {
					"line": 34,
					"column": 4
				},
				"end": {
					"line": 34,
					"column": 93
				}
			}
		},
		"modifiersStatementIds": [],
		"path": "/Users/primary/Projects/audits/0x/system_audit/packages/contracts/src/1.0.0/Token/Token_v1.sol",
		"f": {
			"0": 0,
			"2": 0,
			"4": 0,
			"6": 0,
			"8": 0,
			"10": 0
		},
		"s": {
			"1": 0,
			"3": 0,
			"5": 0,
			"7": 0,
			"9": 0,
			"11": 0
		},
		"b": {},
		"l": {
			"6": 0,
			"10": 0,
			"16": 0,
			"23": 0,
			"29": 0,
			"34": 0
		}
	},
	"/Users/primary/Projects/audits/0x/system_audit/packages/contracts/src/1.0.0/UnlimitedAllowanceToken/UnlimitedAllowanceToken_v1.sol": {
		"fnMap": {
			"0": {
				"name": "transferFrom",
				"line": 32,
				"loc": {
					"start": {
						"line": 32,
						"column": 4
					},
					"end": {
						"line": 51,
						"column": 5
					}
				}
			}
		},
		"branchMap": {
			"4": {
				"line": 37,
				"type": "if",
				"locations": [
					{
						"start": {
							"line": 40,
							"column": 10
						},
						"end": {
							"line": 48,
							"column": 9
						}
					},
					{
						"start": {
							"line": 48,
							"column": 15
						},
						"end": {
							"line": 50,
							"column": 9
						}
					}
				]
			},
			"5": {
				"line": 37,
				"type": "binary-expr",
				"locations": [
					{
						"start": {
							"line": 37,
							"column": 12
						},
						"end": {
							"line": 38,
							"column": 34
						}
					},
					{
						"start": {
							"line": 39,
							"column": 15
						},
						"end": {
							"line": 39,
							"column": 54
						}
					}
				]
			},
			"6": {
				"line": 37,
				"type": "binary-expr",
				"locations": [
					{
						"start": {
							"line": 37,
							"column": 12
						},
						"end": {
							"line": 37,
							"column": 37
						}
					},
					{
						"start": {
							"line": 38,
							"column": 15
						},
						"end": {
							"line": 38,
							"column": 34
						}
					}
				]
			},
			"10": {
				"line": 43,
				"type": "if",
				"locations": [
					{
						"start": {
							"line": 43,
							"column": 38
						},
						"end": {
							"line": 45,
							"column": 13
						}
					},
					{
						"start": {
							"line": 43,
							"column": 12
						},
						"end": {
							"line": 45,
							"column": 13
						}
					}
				]
			}
		},
		"statementMap": {
			"1": {
				"start": {
					"line": 32,
					"column": 4
				},
				"end": {
					"line": 51,
					"column": 5
				}
			},
			"2": {
				"start": {
					"line": 36,
					"column": 8
				},
				"end": {
					"line": 36,
					"column": 52
				}
			},
			"3": {
				"start": {
					"line": 37,
					"column": 8
				},
				"end": {
					"line": 50,
					"column": 9
				}
			},
			"7": {
				"start": {
					"line": 41,
					"column": 12
				},
				"end": {
					"line": 41,
					"column": 35
				}
			},
			"8": {
				"start": {
					"line": 42,
					"column": 12
				},
				"end": {
					"line": 42,
					"column": 37
				}
			},
			"9": {
				"start": {
					"line": 43,
					"column": 12
				},
				"end": {
					"line": 45,
					"column": 13
				}
			},
			"11": {
				"start": {
					"line": 44,
					"column": 16
				},
				"end": {
					"line": 44,
					"column": 52
				}
			},
			"12": {
				"start": {
					"line": 46,
					"column": 12
				},
				"end": {
					"line": 46,
					"column": 40
				}
			},
			"13": {
				"start": {
					"line": 47,
					"column": 12
				},
				"end": {
					"line": 47,
					"column": 24
				}
			},
			"14": {
				"start": {
					"line": 49,
					"column": 12
				},
				"end": {
					"line": 49,
					"column": 25
				}
			}
		},
		"modifiersStatementIds": [],
		"path": "/Users/primary/Projects/audits/0x/system_audit/packages/contracts/src/1.0.0/UnlimitedAllowanceToken/UnlimitedAllowanceToken_v1.sol",
		"f": {
			"0": 6
		},
		"s": {
			"1": 6,
			"2": 6,
			"3": 6,
			"7": 4,
			"8": 4,
			"9": 4,
			"11": 3,
			"12": 4,
			"13": 4,
			"14": 2
		},
		"b": {
			"4": [
				4,
				2
			],
			"5": [
				6,
				4
			],
			"6": [
				6,
				5
			],
			"10": [
				3,
				4
			]
		},
		"l": {
			"32": 6,
			"36": 6,
			"37": 6,
			"41": 4,
			"42": 4,
			"43": 4,
			"44": 3,
			"46": 4,
			"47": 4,
			"49": 2
		}
	},
	"/Users/primary/Projects/audits/0x/system_audit/packages/contracts/src/2.0.0/tokens/ZRXToken/ZRXToken.sol": {
		"fnMap": {
			"0": {
				"name": "ZRXToken",
				"line": 34,
				"loc": {
					"start": {
						"line": 34,
						"column": 4
					},
					"end": {
						"line": 38,
						"column": 5
					}
				}
			}
		},
		"branchMap": {},
		"statementMap": {
			"1": {
				"start": {
					"line": 34,
					"column": 4
				},
				"end": {
					"line": 38,
					"column": 5
				}
			},
			"2": {
				"start": {
					"line": 37,
					"column": 8
				},
				"end": {
					"line": 37,
					"column": 42
				}
			}
		},
		"modifiersStatementIds": [],
		"path": "/Users/primary/Projects/audits/0x/system_audit/packages/contracts/src/2.0.0/tokens/ZRXToken/ZRXToken.sol",
		"f": {
			"0": 1
		},
		"s": {
			"1": 1,
			"2": 1
		},
		"b": {},
		"l": {
			"34": 1,
			"37": 1
		}
	}
}