TN:
SF:/Users/primary/Projects/audits/0x/system_audit/packages/contracts/src/1.0.0/Ownable/Ownable_v1.sol
FN:13,Ownable_v1
FN:17,onlyOwner
FN:22,transferOwnership
FNF:3
FNH:3
FNDA:1,Ownable_v1
FNDA:38,onlyOwner
FNDA:1,transferOwnership
DA:13,1
DA:14,1
DA:17,38
DA:18,38
DA:19,24
DA:22,1
DA:23,1
DA:24,0
LF:8
LH:7
BRDA:23,10,0,0
BRDA:23,10,1,1
BRF:2
BRH:1
end_of_record
TN:
SF:/Users/primary/Projects/audits/0x/system_audit/packages/contracts/src/1.0.0/TokenRegistry/TokenRegistry.sol
FN:65,tokenExists
FN:70,tokenDoesNotExist
FN:75,nameDoesNotExist
FN:80,symbolDoesNotExist
FN:85,addressNotNull
FN:98,addToken
FN:135,removeToken
FN:162,setTokenName
FN:178,setTokenSymbol
FN:194,setTokenIpfsHash
FN:207,setTokenSwarmHash
FN:224,getTokenAddressBySymbol
FN:231,getTokenAddressByName
FN:238,getTokenMetaData
FN:264,getTokenByName
FN:283,getTokenBySymbol
FN:301,getTokenAddresses
FNF:17
FNH:13
FNDA:9,tokenExists
FNDA:25,tokenDoesNotExist
FNDA:24,nameDoesNotExist
FNDA:25,symbolDoesNotExist
FNDA:24,addressNotNull
FNDA:26,addToken
FNDA:27,removeToken
FNDA:4,setTokenName
FNDA:4,setTokenSymbol
FNDA:0,setTokenIpfsHash
FNDA:0,setTokenSwarmHash
FNDA:0,getTokenAddressBySymbol
FNDA:0,getTokenAddressByName
FNDA:8,getTokenMetaData
FNDA:6,getTokenByName
FNDA:3,getTokenBySymbol
FNDA:24,getTokenAddresses
DA:65,9
DA:66,9
DA:67,0
DA:70,25
DA:71,25
DA:72,21
DA:75,24
DA:76,24
DA:77,0
DA:80,25
DA:81,25
DA:82,21
DA:85,24
DA:86,24
DA:87,21
DA:98,26
DA:106,26
DA:107,26
DA:108,26
DA:109,26
DA:110,26
DA:112,21
DA:120,21
DA:121,21
DA:122,21
DA:123,21
DA:135,27
DA:137,27
DA:138,27
DA:140,2
DA:142,1
DA:143,1
DA:145,4
DA:146,1
DA:154,1
DA:155,1
DA:156,3
DA:162,4
DA:164,4
DA:165,4
DA:166,4
DA:168,4
DA:169,1
DA:170,1
DA:171,1
DA:172,1
DA:178,4
DA:180,4
DA:181,4
DA:182,4
DA:184,4
DA:185,1
DA:186,1
DA:187,1
DA:188,1
DA:194,0
DA:196,0
DA:197,0
DA:199,0
DA:200,0
DA:201,0
DA:207,0
DA:209,0
DA:210,0
DA:212,0
DA:213,0
DA:214,0
DA:224,0
DA:225,0
DA:231,0
DA:232,0
DA:238,8
DA:250,8
DA:251,8
DA:264,6
DA:276,6
DA:277,6
DA:283,3
DA:295,3
DA:296,0
DA:301,24
DA:306,0
LF:82
LH:62
BRF:0
BRH:0
end_of_record
TN:
SF:/Users/primary/Projects/audits/0x/system_audit/packages/contracts/src/2.0.0/examples/ExchangeWrapper/ExchangeWrapper.sol
FN:32,
FN:43,cancelOrdersUpTo
FN:73,fillOrder
FNF:3
FNH:3
FNDA:1,
FNDA:1,cancelOrdersUpTo
FNDA:3,fillOrder
DA:32,1
DA:35,1
DA:43,1
DA:50,1
DA:53,1
DA:59,1
DA:73,3
DA:82,2
DA:85,2
DA:93,2
LF:10
LH:10
BRF:0
BRH:0
end_of_record
TN:
SF:/Users/primary/Projects/audits/0x/system_audit/packages/contracts/src/2.0.0/examples/Validator/Validator.sol
FN:34,
FN:44,isValidSignature
FNF:2
FNH:2
FNDA:1,
FNDA:1,isValidSignature
DA:34,1
DA:35,1
DA:44,1
DA:53,1
LF:4
LH:4
BRF:0
BRH:0
end_of_record
TN:
SF:/Users/primary/Projects/audits/0x/system_audit/packages/contracts/src/2.0.0/examples/Wallet/Wallet.sol
FN:36,
FN:45,isValidSignature
FNF:2
FNH:2
FNDA:1,
FNDA:2,isValidSignature
DA:36,1
DA:37,1
DA:45,2
DA:53,2
DA:58,2
DA:59,2
DA:60,2
DA:61,2
DA:62,2
DA:63,0
LF:10
LH:9
BRF:0
BRH:0
end_of_record
TN:
SF:/Users/primary/Projects/audits/0x/system_audit/packages/contracts/src/2.0.0/examples/Whitelist/Whitelist.sol
FN:42,
FN:52,updateWhitelistStatus
FN:69,isValidSignature
FN:91,fillOrderIfWhitelisted
FNF:4
FNH:4
FNDA:1,
FNDA:4,updateWhitelistStatus
FNDA:1,isValidSignature
FNDA:7,fillOrderIfWhitelisted
DA:42,1
DA:45,1
DA:46,1
DA:52,4
DA:57,4
DA:59,4
DA:69,1
DA:79,1
DA:91,7
DA:99,3
DA:102,3
DA:109,3
DA:115,2
DA:121,3
DA:129,1
LF:15
LH:15
BRF:0
BRH:0
end_of_record
TN:
SF:/Users/primary/Projects/audits/0x/system_audit/packages/contracts/src/2.0.0/extensions/Forwarder/Forwarder.sol
FN:38,
FNF:1
FNH:1
FNDA:1,
DA:38,1
DA:44,1
DA:49,1
LF:3
LH:3
BRF:0
BRH:0
end_of_record
TN:
SF:/Users/primary/Projects/audits/0x/system_audit/packages/contracts/src/2.0.0/extensions/Forwarder/MixinAssets.sol
FN:44,withdrawAsset
FN:57,transferAssetToSender
FN:77,transferERC20Token
FN:123,transferERC721Token
FNF:4
FNH:4
FNDA:19,withdrawAsset
FNDA:18,transferAssetToSender
FNDA:18,transferERC20Token
FNDA:3,transferERC721Token
DA:44,19
DA:49,19
DA:51,18
DA:57,18
DA:63,18
DA:65,18
DA:66,18
DA:67,3
DA:68,3
DA:70,0
DA:77,18
DA:83,15
DA:88,15
DA:93,15
DA:104,15
DA:114,18
DA:123,3
DA:129,3
DA:134,3
DA:135,3
DA:138,3
LF:21
LH:20
BRDA:65,8,0,18
BRDA:65,8,1,3
BRDA:67,11,0,3
BRDA:67,11,1,0
BRF:4
BRH:3
end_of_record
TN:
SF:/Users/primary/Projects/audits/0x/system_audit/packages/contracts/src/2.0.0/extensions/Forwarder/MixinExchangeWrapper.sol
FN:44,fillOrderNoThrow
FN:95,marketSellWeth
FN:142,marketBuyExactAmountWithWeth
FN:205,marketBuyExactZrxWithWeth
FNF:4
FNH:4
FNDA:24,fillOrderNoThrow
FNDA:11,marketSellWeth
FNDA:12,marketBuyExactAmountWithWeth
FNDA:24,marketBuyExactZrxWithWeth
DA:44,24
DA:53,24
DA:59,24
DA:62,24
DA:86,0
DA:95,11
DA:103,11
DA:104,11
DA:106,11
DA:107,11
DA:111,11
DA:112,11
DA:115,11
DA:118,11
DA:125,11
DA:128,11
DA:129,9
DA:132,0
DA:142,12
DA:150,12
DA:151,12
DA:153,12
DA:154,12
DA:158,12
DA:159,12
DA:162,12
DA:166,12
DA:173,12
DA:180,12
DA:183,12
DA:184,12
DA:185,10
DA:189,12
DA:193,0
DA:205,24
DA:214,21
DA:215,13
DA:218,21
DA:219,21
DA:220,21
DA:222,21
DA:223,24
DA:226,8
DA:227,8
DA:230,21
DA:234,21
DA:241,24
DA:248,8
DA:249,8
DA:252,8
DA:253,7
DA:257,21
DA:261,0
LF:53
LH:49
BRDA:128,20,0,9
BRDA:128,20,1,11
BRDA:184,39,0,10
BRDA:184,39,1,12
BRDA:214,46,0,13
BRDA:214,46,1,21
BRDA:252,63,0,7
BRDA:252,63,1,8
BRF:8
BRH:8
end_of_record
TN:
SF:/Users/primary/Projects/audits/0x/system_audit/packages/contracts/src/2.0.0/extensions/Forwarder/MixinForwarderCore.sol
FN:46,
FN:67,marketSellOrdersWithEth
FN:152,marketBuyOrdersWithEth
FNF:3
FNH:3
FNDA:1,
FNDA:11,marketSellOrdersWithEth
FNDA:24,marketBuyOrdersWithEth
DA:46,1
DA:49,1
DA:50,1
DA:51,1
DA:52,1
DA:67,11
DA:83,11
DA:85,11
DA:86,11
DA:87,11
DA:88,11
DA:90,1
DA:97,1
DA:103,1
DA:106,10
DA:113,10
DA:119,10
DA:120,10
DA:125,9
DA:130,10
DA:138,8
DA:152,24
DA:169,13
DA:171,13
DA:172,13
DA:173,24
DA:176,1
DA:182,1
DA:186,12
DA:192,10
DA:193,10
DA:198,10
DA:203,11
DA:211,17
LF:34
LH:34
BRDA:50,4,0,1
BRDA:50,4,1,1
BRDA:88,14,0,1
BRDA:88,14,1,10
BRDA:173,31,0,1
BRDA:173,31,1,12
BRF:6
BRH:6
end_of_record
TN:
SF:/Users/primary/Projects/audits/0x/system_audit/packages/contracts/src/2.0.0/extensions/Forwarder/MixinWeth.sol
FN:33,
FN:44,convertEthToWeth
FN:60,transferEthFeeAndRefund
FNF:3
FNH:3
FNDA:20,
FNDA:24,convertEthToWeth
FNDA:21,transferEthFeeAndRefund
DA:33,20
DA:37,20
DA:44,24
DA:47,24
DA:51,24
DA:60,21
DA:69,21
DA:75,21
DA:76,19
DA:82,19
DA:85,19
DA:92,19
DA:98,17
DA:100,11
DA:103,11
DA:104,2
DA:108,11
DA:109,17
DA:110,11
LF:19
LH:19
BRDA:98,16,0,17
BRDA:98,16,1,17
BRDA:103,19,0,2
BRDA:103,19,1,11
BRDA:109,23,0,11
BRDA:109,23,1,17
BRF:6
BRH:6
end_of_record
TN:
SF:/Users/primary/Projects/audits/0x/system_audit/packages/contracts/src/2.0.0/extensions/Forwarder/interfaces/IAssets.sol
FN:29,withdrawAsset
FNF:1
FNH:0
FNDA:0,withdrawAsset
DA:29,0
LF:1
LH:0
BRF:0
BRH:0
end_of_record
TN:
SF:/Users/primary/Projects/audits/0x/system_audit/packages/contracts/src/2.0.0/extensions/Forwarder/interfaces/IForwarderCore.sol
FN:39,marketSellOrdersWithEth
FN:65,marketBuyOrdersWithEth
FNF:2
FNH:0
FNDA:0,marketSellOrdersWithEth
FNDA:0,marketBuyOrdersWithEth
DA:39,0
DA:65,0
LF:2
LH:0
BRF:0
BRH:0
end_of_record
TN:
SF:/Users/primary/Projects/audits/0x/system_audit/packages/contracts/src/2.0.0/extensions/Forwarder/libs/LibConstants.sol
FN:46,
FNF:1
FNH:1
FNDA:1,
DA:46,1
DA:53,1
DA:54,1
DA:55,1
DA:57,1
DA:58,1
DA:59,1
DA:60,1
LF:8
LH:8
BRF:0
BRH:0
end_of_record
TN:
SF:/Users/primary/Projects/audits/0x/system_audit/packages/contracts/src/2.0.0/extensions/Forwarder/mixins/MAssets.sol
FN:31,transferAssetToSender
FN:40,transferERC20Token
FN:49,transferERC721Token
FNF:3
FNH:0
FNDA:0,transferAssetToSender
FNDA:0,transferERC20Token
FNDA:0,transferERC721Token
DA:31,0
DA:40,0
DA:49,0
LF:3
LH:0
BRF:0
BRH:0
end_of_record
TN:
SF:/Users/primary/Projects/audits/0x/system_audit/packages/contracts/src/2.0.0/extensions/Forwarder/mixins/MExchangeWrapper.sol
FN:34,fillOrderNoThrow
FN:48,marketSellWeth
FN:63,marketBuyExactAmountWithWeth
FN:80,marketBuyExactZrxWithWeth
FNF:4
FNH:0
FNDA:0,fillOrderNoThrow
FNDA:0,marketSellWeth
FNDA:0,marketBuyExactAmountWithWeth
FNDA:0,marketBuyExactZrxWithWeth
DA:34,0
DA:48,0
DA:63,0
DA:80,0
LF:4
LH:0
BRF:0
BRH:0
end_of_record
TN:
SF:/Users/primary/Projects/audits/0x/system_audit/packages/contracts/src/2.0.0/extensions/Forwarder/mixins/MWeth.sol
FN:25,convertEthToWeth
FN:34,transferEthFeeAndRefund
FNF:2
FNH:0
FNDA:0,convertEthToWeth
FNDA:0,transferEthFeeAndRefund
DA:25,0
DA:34,0
LF:2
LH:0
BRF:0
BRH:0
end_of_record
TN:
SF:/Users/primary/Projects/audits/0x/system_audit/packages/contracts/src/2.0.0/extensions/OrderValidator/OrderValidator.sol
FN:52,
FN:63,getOrderAndTraderInfo
FN:77,getOrdersAndTradersInfo
FN:91,getTraderInfo
FN:108,getTradersInfo
FN:126,getBalanceAndAllowance
FN:166,getBalancesAndAllowances
FN:184,getERC721TokenOwner
FNF:8
FNH:8
FNDA:1,
FNDA:19,getOrderAndTraderInfo
FNDA:2,getOrdersAndTradersInfo
FNDA:8,getTraderInfo
FNDA:17,getTradersInfo
FNDA:17,getBalanceAndAllowance
FNDA:2,getBalancesAndAllowances
FNDA:19,getERC721TokenOwner
DA:52,1
DA:55,1
DA:56,1
DA:63,19
DA:68,2
DA:69,4
DA:70,0
DA:77,2
DA:82,2
DA:83,2
DA:84,0
DA:91,8
DA:96,8
DA:97,8
DA:98,8
DA:99,8
DA:100,8
DA:101,0
DA:108,17
DA:113,4
DA:114,4
DA:115,4
DA:116,4
DA:118,4
DA:126,17
DA:131,17
DA:132,17
DA:133,17
DA:135,17
DA:137,12
DA:140,12
DA:141,17
DA:142,15
DA:145,15
DA:148,15
DA:151,15
DA:154,15
DA:156,0
DA:158,0
DA:166,2
DA:171,2
DA:172,2
DA:173,2
DA:174,2
DA:175,2
DA:177,2
DA:184,19
DA:189,17
DA:216,0
LF:49
LH:43
BRDA:135,37,0,12
BRDA:135,37,1,17
BRDA:141,41,0,15
BRDA:141,41,1,0
BRDA:148,45,0,7
BRDA:148,45,1,10
BRDA:151,47,0,15
BRDA:151,47,1,12
BRDA:154,49,0,7
BRDA:154,49,1,8
BRF:10
BRH:9
end_of_record
TN:
SF:/Users/primary/Projects/audits/0x/system_audit/packages/contracts/src/2.0.0/multisig/MultiSigWallet.sol
FN:35,onlyWallet
FN:41,ownerDoesNotExist
FN:47,ownerExists
FN:53,transactionExists
FN:59,confirmed
FN:65,notConfirmed
FN:71,notExecuted
FN:77,notNull
FN:83,validRequirement
FN:93,
FN:106,MultiSigWallet
FN:121,addOwner
FN:135,removeOwner
FN:155,replaceOwner
FN:174,changeRequirement
FN:188,submitTransaction
FN:198,confirmTransaction
FN:211,revokeConfirmation
FN:223,executeTransaction
FN:242,isConfirmed
FN:264,addTransaction
FN:286,getConfirmationCount
FN:300,getTransactionCount
FN:313,getOwners
FN:324,getConfirmations
FN:348,getTransactionIds
FNF:26
FNH:14
FNDA:7,onlyWallet
FNDA:0,ownerDoesNotExist
FNDA:35,ownerExists
FNDA:29,transactionExists
FNDA:28,confirmed
FNDA:29,notConfirmed
FNDA:37,notExecuted
FNDA:20,notNull
FNDA:5,validRequirement
FNDA:5,
FNDA:5,MultiSigWallet
FNDA:0,addOwner
FNDA:0,removeOwner
FNDA:0,replaceOwner
FNDA:0,changeRequirement
FNDA:17,submitTransaction
FNDA:0,confirmTransaction
FNDA:0,revokeConfirmation
FNDA:0,executeTransaction
FNDA:43,isConfirmed
FNDA:17,addTransaction
FNDA:0,getConfirmationCount
FNDA:0,getTransactionCount
FNDA:17,getOwners
FNDA:0,getConfirmations
FNDA:0,getTransactionIds
DA:35,7
DA:36,7
DA:37,2
DA:38,2
DA:41,0
DA:42,0
DA:43,0
DA:44,0
DA:47,35
DA:48,29
DA:49,0
DA:50,35
DA:53,29
DA:54,29
DA:55,0
DA:56,7
DA:59,28
DA:60,0
DA:61,0
DA:62,28
DA:65,29
DA:66,29
DA:67,0
DA:68,7
DA:71,37
DA:72,15
DA:73,1
DA:74,27
DA:77,20
DA:78,20
DA:79,1
DA:80,15
DA:83,5
DA:84,5
DA:88,0
DA:89,3
DA:93,5
DA:96,5
DA:97,0
DA:106,5
DA:108,5
DA:110,5
DA:111,5
DA:112,0
DA:113,5
DA:115,5
DA:116,5
DA:121,0
DA:123,0
DA:124,0
DA:125,0
DA:126,0
DA:128,0
DA:129,0
DA:130,0
DA:135,0
DA:137,0
DA:138,0
DA:140,0
DA:141,0
DA:142,0
DA:143,0
DA:144,0
DA:146,0
DA:147,0
DA:148,0
DA:149,0
DA:155,0
DA:157,0
DA:158,0
DA:159,0
DA:161,0
DA:162,0
DA:163,0
DA:164,0
DA:166,0
DA:167,0
DA:168,0
DA:169,0
DA:174,0
DA:176,0
DA:177,0
DA:179,0
DA:180,0
DA:188,17
DA:192,17
DA:193,17
DA:198,0
DA:200,0
DA:201,0
DA:202,0
DA:204,0
DA:205,0
DA:206,0
DA:211,0
DA:213,0
DA:214,0
DA:215,0
DA:217,0
DA:218,0
DA:223,0
DA:225,0
DA:227,0
DA:228,0
DA:229,0
DA:230,0
DA:231,0
DA:233,0
DA:234,0
DA:242,43
DA:247,0
DA:248,43
DA:249,43
DA:250,43
DA:251,43
DA:252,24
DA:264,17
DA:266,17
DA:269,17
DA:270,17
DA:276,17
DA:277,17
DA:286,0
DA:291,0
DA:292,0
DA:293,0
DA:300,0
DA:305,0
DA:306,0
DA:308,0
DA:313,17
DA:318,0
DA:324,0
DA:329,0
DA:330,0
DA:331,0
DA:332,0
DA:333,0
DA:334,0
DA:335,0
DA:337,0
DA:338,0
DA:339,0
DA:348,0
DA:353,0
DA:354,0
DA:355,0
DA:356,0
DA:357,0
DA:360,0
DA:361,0
DA:363,0
DA:364,0
DA:365,0
LF:154
LH:51
BRDA:36,3,0,2
BRDA:36,3,1,7
BRDA:42,9,0,0
BRDA:42,9,1,0
BRDA:48,15,0,0
BRDA:48,15,1,29
BRDA:54,21,0,0
BRDA:54,21,1,29
BRDA:60,27,0,0
BRDA:60,27,1,0
BRDA:66,33,0,0
BRDA:66,33,1,29
BRDA:72,39,0,1
BRDA:72,39,1,15
BRDA:78,45,0,1
BRDA:78,45,1,20
BRDA:84,51,0,0
BRDA:84,51,1,5
BRDA:84,52,0,5
BRDA:84,52,1,5
BRDA:84,53,0,5
BRDA:84,53,1,5
BRDA:84,54,0,5
BRDA:84,54,1,5
BRDA:96,60,0,0
BRDA:96,60,1,5
BRDA:111,68,0,0
BRDA:111,68,1,5
BRDA:111,69,0,5
BRDA:111,69,1,5
BRDA:142,91,0,0
BRDA:142,91,1,0
BRDA:147,96,0,0
BRDA:147,96,1,0
BRDA:162,107,0,0
BRDA:162,107,1,0
BRDA:227,145,0,0
BRDA:227,145,1,0
BRDA:230,149,0,0
BRDA:230,149,1,0
BRDA:249,161,0,43
BRDA:249,161,1,43
BRDA:251,164,0,24
BRDA:251,164,1,43
BRDA:292,179,0,0
BRDA:292,179,1,0
BRDA:306,187,0,0
BRDA:306,187,1,0
BRDA:306,188,0,0
BRDA:306,188,1,0
BRDA:306,189,0,0
BRDA:306,189,1,0
BRDA:307,190,0,0
BRDA:307,190,1,0
BRDA:333,204,0,0
BRDA:333,204,1,0
BRDA:357,221,0,0
BRDA:357,221,1,0
BRDA:357,222,0,0
BRDA:357,222,1,0
BRDA:357,223,0,0
BRDA:357,223,1,0
BRDA:358,224,0,0
BRDA:358,224,1,0
BRF:64
BRH:24
end_of_record
TN:
SF:/Users/primary/Projects/audits/0x/system_audit/packages/contracts/src/2.0.0/multisig/MultiSigWalletWithTimeLock.sol
FN:36,notFullyConfirmed
FN:41,fullyConfirmed
FN:46,pastTimeLock
FN:59,MultiSigWalletWithTimeLock
FN:68,changeTimeLock
FN:78,confirmTransaction
FN:94,revokeConfirmation
FN:107,executeTransaction
FN:128,setConfirmationTime
FNF:9
FNH:9
FNDA:31,notFullyConfirmed
FNDA:14,fullyConfirmed
FNDA:8,pastTimeLock
FNDA:5,MultiSigWalletWithTimeLock
FNDA:3,changeTimeLock
FNDA:29,confirmTransaction
FNDA:28,revokeConfirmation
FNDA:9,executeTransaction
FNDA:12,setConfirmationTime
DA:36,31
DA:37,29
DA:38,24
DA:41,14
DA:42,14
DA:43,3
DA:46,8
DA:47,8
DA:48,1
DA:59,5
DA:61,5
DA:63,5
DA:68,3
DA:70,3
DA:72,2
DA:73,2
DA:78,29
DA:80,29
DA:81,29
DA:82,29
DA:83,29
DA:85,29
DA:86,29
DA:87,29
DA:88,16
DA:94,28
DA:96,28
DA:97,28
DA:98,28
DA:99,28
DA:101,0
DA:102,0
DA:107,9
DA:109,9
DA:110,9
DA:111,9
DA:113,9
DA:114,7
DA:115,7
DA:116,6
DA:118,1
DA:119,1
DA:128,12
DA:131,12
DA:132,12
LF:45
LH:43
BRDA:87,26,0,16
BRDA:87,26,1,29
BRDA:115,45,0,6
BRDA:115,45,1,1
BRF:4
BRH:4
end_of_record
TN:
SF:/Users/primary/Projects/audits/0x/system_audit/packages/contracts/src/2.0.0/protocol/AssetProxy/ERC20Proxy.sol
FN:32,
FN:126,getProxyId
FNF:2
FNH:2
FNDA:155,
FNDA:24,getProxyId
DA:32,155
DA:35,155
DA:126,24
DA:131,0
LF:4
LH:3
BRF:0
BRH:0
end_of_record
TN:
SF:/Users/primary/Projects/audits/0x/system_audit/packages/contracts/src/2.0.0/protocol/AssetProxy/ERC721Proxy.sol
FN:32,
FN:160,getProxyId
FNF:2
FNH:2
FNDA:41,
FNDA:16,getProxyId
DA:32,41
DA:35,41
DA:160,16
DA:165,0
LF:4
LH:3
BRF:0
BRH:0
end_of_record
TN:
SF:/Users/primary/Projects/audits/0x/system_audit/packages/contracts/src/2.0.0/protocol/AssetProxy/MixinAuthorizable.sol
FN:31,onlyAuthorized
FN:44,addAuthorizedAddress
FN:60,removeAuthorizedAddress
FN:83,removeAuthorizedAddressAtIndex
FN:111,getAuthorizedAddresses
FNF:5
FNH:4
FNDA:0,onlyAuthorized
FNDA:36,addAuthorizedAddress
FNDA:4,removeAuthorizedAddress
FNDA:7,removeAuthorizedAddressAtIndex
FNDA:8,getAuthorizedAddresses
DA:31,0
DA:32,0
DA:36,0
DA:44,36
DA:46,36
DA:48,28
DA:53,27
DA:54,27
DA:55,27
DA:60,4
DA:62,4
DA:64,3
DA:69,2
DA:70,4
DA:71,2
DA:72,2
DA:73,2
DA:74,2
DA:77,2
DA:83,7
DA:88,7
DA:90,6
DA:94,5
DA:98,4
DA:103,3
DA:104,3
DA:105,3
DA:106,3
DA:111,8
DA:116,3
LF:30
LH:27
BRDA:71,19,0,2
BRDA:71,19,1,2
BRF:2
BRH:2
end_of_record
TN:
SF:/Users/primary/Projects/audits/0x/system_audit/packages/contracts/src/2.0.0/protocol/AssetProxy/interfaces/IAssetData.sol
FN:28,ERC20Token
FN:32,ERC721Token
FNF:2
FNH:0
FNDA:0,ERC20Token
FNDA:0,ERC721Token
DA:28,0
DA:32,0
LF:2
LH:0
BRF:0
BRH:0
end_of_record
TN:
SF:/Users/primary/Projects/audits/0x/system_audit/packages/contracts/src/2.0.0/protocol/AssetProxy/interfaces/IAssetProxy.sol
FN:33,transferFrom
FN:43,getProxyId
FNF:2
FNH:0
FNDA:0,transferFrom
FNDA:0,getProxyId
DA:33,0
DA:43,0
LF:2
LH:0
BRF:0
BRH:0
end_of_record
TN:
SF:/Users/primary/Projects/audits/0x/system_audit/packages/contracts/src/2.0.0/protocol/AssetProxy/interfaces/IAuthorizable.sol
FN:30,addAuthorizedAddress
FN:35,removeAuthorizedAddress
FN:41,removeAuthorizedAddressAtIndex
FN:49,getAuthorizedAddresses
FNF:4
FNH:0
FNDA:0,addAuthorizedAddress
FNDA:0,removeAuthorizedAddress
FNDA:0,removeAuthorizedAddressAtIndex
FNDA:0,getAuthorizedAddresses
DA:30,0
DA:35,0
DA:41,0
DA:49,0
LF:4
LH:0
BRF:0
BRH:0
end_of_record
TN:
SF:/Users/primary/Projects/audits/0x/system_audit/packages/contracts/src/2.0.0/protocol/AssetProxy/mixins/MAuthorizable.sol
FN:41,onlyAuthorized
FNF:1
FNH:0
FNDA:0,onlyAuthorized
DA:41,0
LF:1
LH:0
BRF:0
BRH:0
end_of_record
TN:
SF:/Users/primary/Projects/audits/0x/system_audit/packages/contracts/src/2.0.0/protocol/Exchange/Exchange.sol
FN:44,
FNF:1
FNH:1
FNDA:8,
DA:44,8
DA:46,8
DA:47,8
DA:48,8
DA:49,8
DA:50,8
DA:51,8
DA:52,8
LF:8
LH:8
BRF:0
BRH:0
end_of_record
TN:
SF:/Users/primary/Projects/audits/0x/system_audit/packages/contracts/src/2.0.0/protocol/Exchange/MixinAssetProxyDispatcher.sol
FN:39,registerAssetProxy
FN:64,getAssetProxy
FN:77,dispatchTransferFrom
FNF:3
FNH:3
FNDA:22,registerAssetProxy
FNDA:86,getAssetProxy
FNDA:156,dispatchTransferFrom
DA:39,22
DA:41,22
DA:43,22
DA:46,21
DA:47,21
DA:48,21
DA:54,20
DA:55,20
DA:64,86
DA:69,24
DA:77,156
DA:86,156
DA:88,156
DA:94,156
DA:95,156
DA:101,156
DA:104,156
DA:124,155
LF:18
LH:18
BRDA:86,15,0,156
BRDA:86,15,1,156
BRF:2
BRH:2
end_of_record
TN:
SF:/Users/primary/Projects/audits/0x/system_audit/packages/contracts/src/2.0.0/protocol/Exchange/MixinExchangeCore.sol
FN:55,cancelOrdersUpTo
FN:83,fillOrder
FN:132,cancelOrder
FN:149,getOrderInfo
FN:210,updateFilledState
FN:243,updateCancelledState
FN:270,assertValidFill
FN:335,assertValidCancel
FN:369,calculateFillResults
FN:402,settleOrder
FNF:10
FNH:10
FNDA:7,cancelOrdersUpTo
FNDA:170,fillOrder
FNDA:38,cancelOrder
FNDA:251,getOrderInfo
FNDA:559,updateFilledState
FNDA:12,updateCancelledState
FNDA:190,assertValidFill
FNDA:18,assertValidCancel
FNDA:887,calculateFillResults
FNDA:979,settleOrder
DA:55,7
DA:58,7
DA:61,7
DA:64,7
DA:65,7
DA:68,7
DA:74,5
DA:75,5
DA:83,170
DA:92,170
DA:95,170
DA:98,170
DA:99,170
DA:102,170
DA:112,138
DA:115,138
DA:124,138
DA:126,0
DA:132,38
DA:136,18
DA:139,18
DA:142,32
DA:149,251
DA:155,251
DA:158,251
DA:164,251
DA:165,61
DA:166,61
DA:173,248
DA:174,3
DA:175,0
DA:179,245
DA:180,20
DA:181,0
DA:186,226
DA:187,24
DA:188,0
DA:192,203
DA:193,11
DA:194,0
DA:196,195
DA:197,2
DA:198,0
DA:202,194
DA:203,0
DA:210,559
DA:220,559
DA:223,479
DA:243,12
DA:250,12
DA:253,12
DA:270,190
DA:282,190
DA:288,163
DA:294,162
DA:295,162
DA:302,161
DA:303,161
DA:310,160
DA:311,160
DA:322,159
DA:335,18
DA:344,18
DA:350,14
DA:351,14
DA:358,18
DA:359,13
DA:369,887
DA:378,887
DA:379,887
DA:384,550
DA:389,550
DA:395,0
DA:402,979
DA:409,138
DA:410,138
DA:416,132
DA:422,125
DA:428,970
LF:79
LH:71
BRDA:61,4,0,6
BRDA:61,4,1,1
BRDA:164,31,0,61
BRDA:164,31,1,251
BRDA:173,35,0,3
BRDA:173,35,1,248
BRDA:179,39,0,20
BRDA:179,39,1,245
BRDA:186,43,0,24
BRDA:186,43,1,226
BRDA:192,47,0,11
BRDA:192,47,1,203
BRDA:196,51,0,2
BRDA:196,51,1,195
BRDA:294,69,0,162
BRDA:294,69,1,162
BRDA:302,72,0,161
BRDA:302,72,1,161
BRDA:310,75,0,160
BRDA:310,75,1,160
BRDA:350,82,0,14
BRDA:350,82,1,14
BRF:22
BRH:22
end_of_record
TN:
SF:/Users/primary/Projects/audits/0x/system_audit/packages/contracts/src/2.0.0/protocol/Exchange/MixinMatchOrders.sol
FN:44,matchOrders
FN:124,assertValidMatch
FN:155,calculateMatchedFillResults
FN:230,settleMatchedOrders
FNF:4
FNH:4
FNDA:21,matchOrders
FNDA:21,assertValidMatch
FNDA:20,calculateMatchedFillResults
FNDA:16,settleMatchedOrders
DA:44,21
DA:55,21
DA:56,21
DA:59,21
DA:60,21
DA:63,21
DA:66,21
DA:69,20
DA:77,20
DA:85,19
DA:95,16
DA:102,16
DA:111,16
DA:118,0
DA:124,21
DA:139,21
DA:155,20
DA:174,20
DA:175,20
DA:176,20
DA:177,20
DA:178,20
DA:183,17
DA:186,17
DA:193,3
DA:196,3
DA:204,20
DA:210,20
DA:216,20
DA:222,0
DA:230,16
DA:238,16
DA:240,16
DA:246,16
DA:252,16
DA:260,16
DA:266,16
DA:274,16
DA:275,1
DA:285,15
DA:291,16
LF:41
LH:39
BRDA:178,25,0,17
BRDA:178,25,1,3
BRDA:274,43,0,1
BRDA:274,43,1,16
BRF:4
BRH:4
end_of_record
TN:
SF:/Users/primary/Projects/audits/0x/system_audit/packages/contracts/src/2.0.0/protocol/Exchange/MixinSignatureValidator.sol
FN:44,preSign
FN:65,setSignatureValidatorApproval
FN:85,isValidSignature
FNF:3
FNH:3
FNDA:894,preSign
FNDA:5,setSignatureValidatorApproval
FNDA:182,isValidSignature
DA:44,894
DA:51,854
DA:59,1
DA:65,5
DA:71,5
DA:72,5
DA:73,5
DA:85,182
DA:94,182
DA:100,182
DA:103,181
DA:108,182
DA:111,182
DA:112,182
DA:113,182
DA:114,182
DA:121,182
DA:122,2
DA:128,182
DA:129,2
DA:133,1
DA:134,1
DA:137,182
DA:138,2
DA:142,2
DA:143,2
DA:144,2
DA:145,168
DA:151,168
DA:152,168
DA:155,182
DA:156,164
DA:160,164
DA:161,164
DA:162,164
DA:163,166
DA:172,0
DA:173,0
DA:183,182
DA:184,2
DA:188,2
DA:189,2
DA:193,182
DA:194,4
DA:195,4
DA:204,182
DA:206,182
DA:209,4
DA:210,2
DA:212,2
DA:217,0
DA:220,4
DA:221,2
DA:222,2
DA:232,2
DA:233,2
DA:237,2
DA:238,2
DA:239,2
DA:240,2
DA:249,0
DA:250,0
DA:258,0
LF:63
LH:57
BRDA:121,20,0,2
BRDA:121,20,1,182
BRDA:128,23,0,2
BRDA:128,23,1,182
BRDA:137,28,0,168
BRDA:137,28,1,182
BRDA:155,37,0,166
BRDA:155,37,1,182
BRDA:183,46,0,2
BRDA:183,46,1,182
BRDA:193,51,0,4
BRDA:193,51,1,182
BRDA:204,55,0,182
BRDA:204,55,1,4
BRDA:209,58,0,2
BRDA:209,58,1,4
BRDA:220,63,0,2
BRDA:220,63,1,2
BRDA:232,67,0,2
BRDA:232,67,1,2
BRF:20
BRH:20
end_of_record
TN:
SF:/Users/primary/Projects/audits/0x/system_audit/packages/contracts/src/2.0.0/protocol/Exchange/MixinTransactions.sol
FN:53,executeTransaction
FN:113,hashZeroExTransaction
FN:153,getCurrentContextAddress
FNF:3
FNH:3
FNDA:253,executeTransaction
FNDA:162,hashZeroExTransaction
FNDA:654,getCurrentContextAddress
DA:53,253
DA:62,11
DA:67,253
DA:74,11
DA:80,10
DA:82,8
DA:92,8
DA:96,10
DA:97,10
DA:103,7
DA:104,7
DA:113,162
DA:122,0
DA:123,11
DA:133,11
DA:145,0
DA:153,654
DA:158,654
DA:159,0
LF:19
LH:16
BRDA:80,6,0,8
BRDA:80,6,1,10
BRDA:103,12,0,7
BRDA:103,12,1,7
BRDA:158,23,0,208
BRDA:158,23,1,8
BRF:6
BRH:6
end_of_record
TN:
SF:/Users/primary/Projects/audits/0x/system_audit/packages/contracts/src/2.0.0/protocol/Exchange/MixinWrapperFunctions.sol
FN:40,fillOrKillOrder
FN:66,fillOrderNoThrow
FN:114,batchFillOrders
FN:140,batchFillOrKillOrders
FN:167,batchFillOrdersNoThrow
FN:192,marketSellOrders
FN:236,marketSellOrdersNoThrow
FN:279,marketBuyOrders
FN:331,marketBuyOrdersNoThrow
FN:379,batchCancelOrders
FN:391,getOrdersInfo
FNF:11
FNH:11
FNDA:662,fillOrKillOrder
FNDA:20,fillOrderNoThrow
FNDA:586,batchFillOrders
FNDA:2,batchFillOrKillOrders
FNDA:10,batchFillOrdersNoThrow
FNDA:6,marketSellOrders
FNDA:3,marketSellOrdersNoThrow
FNDA:3,marketBuyOrders
FNDA:6,marketBuyOrdersNoThrow
FNDA:12,batchCancelOrders
FNDA:10,getOrdersInfo
DA:40,662
DA:48,6
DA:53,662
DA:57,0
DA:66,20
DA:75,20
DA:82,20
DA:105,0
DA:114,586
DA:122,5
DA:123,26
DA:124,11
DA:129,5
DA:131,0
DA:140,2
DA:148,2
DA:149,2
DA:150,2
DA:155,1
DA:157,0
DA:167,10
DA:175,4
DA:176,10
DA:177,10
DA:182,4
DA:184,0
DA:192,6
DA:200,3
DA:202,3
DA:203,6
DA:207,3
DA:210,3
DA:213,3
DA:220,3
DA:223,3
DA:224,1
DA:227,0
DA:236,3
DA:244,3
DA:246,3
DA:247,3
DA:251,3
DA:254,3
DA:257,3
DA:264,3
DA:267,3
DA:268,1
DA:271,0
DA:279,3
DA:287,3
DA:289,3
DA:290,3
DA:294,3
DA:297,3
DA:301,3
DA:308,3
DA:315,3
DA:318,3
DA:319,1
DA:322,0
DA:331,6
DA:339,3
DA:341,3
DA:342,6
DA:346,3
DA:349,3
DA:353,6
DA:360,3
DA:367,3
DA:370,3
DA:371,1
DA:374,0
DA:379,12
DA:382,3
DA:383,12
DA:384,3
DA:391,10
DA:396,10
DA:397,10
DA:398,10
DA:399,10
DA:401,10
LF:82
LH:73
BRDA:223,49,0,1
BRDA:223,49,1,3
BRDA:267,64,0,1
BRDA:267,64,1,3
BRDA:318,80,0,1
BRDA:318,80,1,3
BRDA:370,96,0,1
BRDA:370,96,1,3
BRF:8
BRH:8
end_of_record
TN:
SF:/Users/primary/Projects/audits/0x/system_audit/packages/contracts/src/2.0.0/protocol/Exchange/interfaces/IAssetProxyDispatcher.sol
FN:27,registerAssetProxy
FN:33,getAssetProxy
FNF:2
FNH:0
FNDA:0,registerAssetProxy
FNDA:0,getAssetProxy
DA:27,0
DA:33,0
LF:2
LH:0
BRF:0
BRH:0
end_of_record
TN:
SF:/Users/primary/Projects/audits/0x/system_audit/packages/contracts/src/2.0.0/protocol/Exchange/interfaces/IExchange.sol
FNF:0
FNH:0
LF:0
LH:0
BRF:0
BRH:0
end_of_record
TN:
SF:/Users/primary/Projects/audits/0x/system_audit/packages/contracts/src/2.0.0/protocol/Exchange/interfaces/IExchangeCore.sol
FN:31,cancelOrdersUpTo
FN:39,fillOrder
FN:49,cancelOrder
FN:56,getOrderInfo
FNF:4
FNH:0
FNDA:0,cancelOrdersUpTo
FNDA:0,fillOrder
FNDA:0,cancelOrder
FNDA:0,getOrderInfo
DA:31,0
DA:39,0
DA:49,0
DA:56,0
LF:4
LH:0
BRF:0
BRH:0
end_of_record
TN:
SF:/Users/primary/Projects/audits/0x/system_audit/packages/contracts/src/2.0.0/protocol/Exchange/interfaces/IMatchOrders.sol
FN:36,matchOrders
FNF:1
FNH:0
FNDA:0,matchOrders
DA:36,0
LF:1
LH:0
BRF:0
BRH:0
end_of_record
TN:
SF:/Users/primary/Projects/audits/0x/system_audit/packages/contracts/src/2.0.0/protocol/Exchange/interfaces/ISignatureValidator.sol
FN:28,preSign
FN:38,setSignatureValidatorApproval
FN:49,isValidSignature
FNF:3
FNH:0
FNDA:0,preSign
FNDA:0,setSignatureValidatorApproval
FNDA:0,isValidSignature
DA:28,0
DA:38,0
DA:49,0
LF:3
LH:0
BRF:0
BRH:0
end_of_record
TN:
SF:/Users/primary/Projects/audits/0x/system_audit/packages/contracts/src/2.0.0/protocol/Exchange/interfaces/ITransactions.sol
FN:28,executeTransaction
FNF:1
FNH:0
FNDA:0,executeTransaction
DA:28,0
LF:1
LH:0
BRF:0
BRH:0
end_of_record
TN:
SF:/Users/primary/Projects/audits/0x/system_audit/packages/contracts/src/2.0.0/protocol/Exchange/interfaces/IValidator.sol
FN:29,isValidSignature
FNF:1
FNH:0
FNDA:0,isValidSignature
DA:29,0
LF:1
LH:0
BRF:0
BRH:0
end_of_record
TN:
SF:/Users/primary/Projects/audits/0x/system_audit/packages/contracts/src/2.0.0/protocol/Exchange/interfaces/IWallet.sol
FN:28,isValidSignature
FNF:1
FNH:0
FNDA:0,isValidSignature
DA:28,0
LF:1
LH:0
BRF:0
BRH:0
end_of_record
TN:
SF:/Users/primary/Projects/audits/0x/system_audit/packages/contracts/src/2.0.0/protocol/Exchange/interfaces/IWrapperFunctions.sol
FN:32,fillOrKillOrder
FN:46,fillOrderNoThrow
FN:59,batchFillOrders
FN:72,batchFillOrKillOrders
FN:86,batchFillOrdersNoThrow
FN:99,marketSellOrders
FN:113,marketSellOrdersNoThrow
FN:126,marketBuyOrders
FN:140,marketBuyOrdersNoThrow
FN:150,batchCancelOrders
FN:156,getOrdersInfo
FNF:11
FNH:0
FNDA:0,fillOrKillOrder
FNDA:0,fillOrderNoThrow
FNDA:0,batchFillOrders
FNDA:0,batchFillOrKillOrders
FNDA:0,batchFillOrdersNoThrow
FNDA:0,marketSellOrders
FNDA:0,marketSellOrdersNoThrow
FNDA:0,marketBuyOrders
FNDA:0,marketBuyOrdersNoThrow
FNDA:0,batchCancelOrders
FNDA:0,getOrdersInfo
DA:32,0
DA:46,0
DA:59,0
DA:72,0
DA:86,0
DA:99,0
DA:113,0
DA:126,0
DA:140,0
DA:150,0
DA:156,0
LF:11
LH:0
BRF:0
BRH:0
end_of_record
TN:
SF:/Users/primary/Projects/audits/0x/system_audit/packages/contracts/src/2.0.0/protocol/Exchange/libs/LibAbiEncoder.sol
FN:32,abiEncodeFillOrder
FNF:1
FNH:1
FNDA:96,abiEncodeFillOrder
DA:32,96
DA:80,96
DA:213,0
LF:3
LH:2
BRF:0
BRH:0
end_of_record
TN:
SF:/Users/primary/Projects/audits/0x/system_audit/packages/contracts/src/2.0.0/protocol/Exchange/libs/LibConstants.sol
FN:43,
FNF:1
FNH:1
FNDA:8,
DA:43,8
DA:46,8
LF:2
LH:2
BRF:0
BRH:0
end_of_record
TN:
SF:/Users/primary/Projects/audits/0x/system_audit/packages/contracts/src/2.0.0/protocol/Exchange/libs/LibEIP712.sol
FN:45,
FN:59,hashEIP712Message
FNF:2
FNH:2
FNDA:11,
FNDA:254,hashEIP712Message
DA:45,11
DA:48,11
DA:59,254
DA:64,254
DA:73,254
DA:84,0
LF:6
LH:5
BRF:0
BRH:0
end_of_record
TN:
SF:/Users/primary/Projects/audits/0x/system_audit/packages/contracts/src/2.0.0/protocol/Exchange/libs/LibExchangeErrors.sol
FNF:0
FNH:0
LF:0
LH:0
BRF:0
BRH:0
end_of_record
TN:
SF:/Users/primary/Projects/audits/0x/system_audit/packages/contracts/src/2.0.0/protocol/Exchange/libs/LibFillResults.sol
FN:45,addFillResults
FNF:1
FNH:1
FNDA:127,addFillResults
DA:45,127
DA:49,127
DA:50,111
DA:51,111
DA:52,111
LF:5
LH:5
BRF:0
BRH:0
end_of_record
TN:
SF:/Users/primary/Projects/audits/0x/system_audit/packages/contracts/src/2.0.0/protocol/Exchange/libs/LibMath.sol
FN:33,getPartialAmount
FN:54,isRoundingError
FNF:2
FNH:2
FNDA:2110,getPartialAmount
FNDA:891,isRoundingError
DA:33,2110
DA:42,2109
DA:46,0
DA:54,891
DA:63,891
DA:64,810
DA:65,546
DA:68,891
DA:72,138
DA:73,0
LF:10
LH:8
BRDA:64,8,0,546
BRDA:64,8,1,810
BRF:2
BRH:2
end_of_record
TN:
SF:/Users/primary/Projects/audits/0x/system_audit/packages/contracts/src/2.0.0/protocol/Exchange/libs/LibOrder.sol
FN:84,getOrderHash
FN:96,hashOrder
FNF:2
FNH:2
FNDA:252,getOrderHash
FNDA:252,hashOrder
DA:84,252
DA:89,252
DA:90,0
DA:96,252
DA:101,0
DA:102,252
DA:103,252
DA:122,252
DA:144,0
LF:9
LH:6
BRF:0
BRH:0
end_of_record
TN:
SF:/Users/primary/Projects/audits/0x/system_audit/packages/contracts/src/2.0.0/protocol/Exchange/mixins/MAssetProxyDispatcher.sol
FN:39,dispatchTransferFrom
FNF:1
FNH:0
FNDA:0,dispatchTransferFrom
DA:39,0
LF:1
LH:0
BRF:0
BRH:0
end_of_record
TN:
SF:/Users/primary/Projects/audits/0x/system_audit/packages/contracts/src/2.0.0/protocol/Exchange/mixins/MExchangeCore.sol
FN:67,updateFilledState
FN:81,updateCancelledState
FN:94,assertValidFill
FN:108,assertValidCancel
FN:119,calculateFillResults
FNF:5
FNH:0
FNDA:0,updateFilledState
FNDA:0,updateCancelledState
FNDA:0,assertValidFill
FNDA:0,assertValidCancel
FNDA:0,calculateFillResults
DA:67,0
DA:81,0
DA:94,0
DA:108,0
DA:119,0
LF:5
LH:0
BRF:0
BRH:0
end_of_record
TN:
SF:/Users/primary/Projects/audits/0x/system_audit/packages/contracts/src/2.0.0/protocol/Exchange/mixins/MMatchOrders.sol
FN:33,assertValidMatch
FN:49,calculateMatchedFillResults
FNF:2
FNH:0
FNDA:0,assertValidMatch
FNDA:0,calculateMatchedFillResults
DA:33,0
DA:49,0
LF:2
LH:0
BRF:0
BRH:0
end_of_record
TN:
SF:/Users/primary/Projects/audits/0x/system_audit/packages/contracts/src/2.0.0/protocol/Exchange/mixins/MSignatureValidator.sol
FNF:0
FNH:0
LF:0
LH:0
BRF:0
BRH:0
end_of_record
TN:
SF:/Users/primary/Projects/audits/0x/system_audit/packages/contracts/src/2.0.0/protocol/Exchange/mixins/MTransactions.sol
FN:32,getCurrentContextAddress
FNF:1
FNH:0
FNDA:0,getCurrentContextAddress
DA:32,0
LF:1
LH:0
BRF:0
BRH:0
end_of_record
TN:
SF:/Users/primary/Projects/audits/0x/system_audit/packages/contracts/src/2.0.0/test/DummyERC20Token/DummyERC20Token.sol
FN:34,
FN:52,setBalance
FN:67,mint
FNF:3
FNH:3
FNDA:28,
FNDA:144,setBalance
FNDA:145,mint
DA:34,28
DA:42,28
DA:43,28
DA:44,28
DA:45,0
DA:46,28
DA:52,144
DA:54,144
DA:56,144
DA:57,144
DA:58,2
DA:60,142
DA:62,144
DA:67,145
DA:70,1
DA:75,1
LF:16
LH:15
BRDA:57,11,0,2
BRDA:57,11,1,142
BRF:2
BRH:2
end_of_record
TN:
SF:/Users/primary/Projects/audits/0x/system_audit/packages/contracts/src/2.0.0/test/DummyERC20Token/DummyNoReturnERC20Token.sol
FN:29,
FN:47,transfer
FN:79,transferFrom
FNF:3
FNH:2
FNDA:1,
FNDA:0,transfer
FNDA:3,transferFrom
DA:29,1
DA:36,1
DA:47,0
DA:51,0
DA:55,0
DA:60,0
DA:61,0
DA:63,0
DA:70,0
DA:79,3
DA:87,3
DA:91,3
DA:95,3
DA:100,3
DA:101,3
DA:102,3
DA:104,3
DA:111,3
LF:18
LH:11
BRF:0
BRH:0
end_of_record
TN:
SF:/Users/primary/Projects/audits/0x/system_audit/packages/contracts/src/2.0.0/test/DummyERC721Receiver/DummyERC721Receiver.sol
FN:51,onERC721Received
FNF:1
FNH:1
FNDA:2,onERC721Received
DA:51,2
DA:60,2
DA:66,0
LF:3
LH:2
BRF:0
BRH:0
end_of_record
TN:
SF:/Users/primary/Projects/audits/0x/system_audit/packages/contracts/src/2.0.0/test/DummyERC721Receiver/InvalidERC721Receiver.sol
FN:49,onERC721Received
FNF:1
FNH:1
FNDA:2,onERC721Received
DA:49,2
DA:58,2
DA:64,0
LF:3
LH:2
BRF:0
BRH:0
end_of_record
TN:
SF:/Users/primary/Projects/audits/0x/system_audit/packages/contracts/src/2.0.0/test/DummyERC721Token/DummyERC721Token.sol
FN:33,
FN:47,mint
FN:57,burn
FNF:3
FNH:2
FNDA:10,
FNDA:77,mint
FNDA:0,burn
DA:33,10
DA:39,10
DA:40,10
DA:47,77
DA:50,77
DA:57,0
DA:59,0
DA:61,0
LF:8
LH:5
BRF:0
BRH:0
end_of_record
TN:
SF:/Users/primary/Projects/audits/0x/system_audit/packages/contracts/src/2.0.0/test/TestAssetProxyDispatcher/TestAssetProxyDispatcher.sol
FN:27,publicDispatchTransferFrom
FNF:1
FNH:1
FNDA:9,publicDispatchTransferFrom
DA:27,9
DA:35,2
LF:2
LH:2
BRF:0
BRH:0
end_of_record
TN:
SF:/Users/primary/Projects/audits/0x/system_audit/packages/contracts/src/2.0.0/test/TestConstants/TestConstants.sol
FN:37,assertValidZrxAssetData
FNF:1
FNH:1
FNDA:1,assertValidZrxAssetData
DA:37,1
DA:42,1
DA:43,1
DA:48,1
DA:49,1
DA:54,1
LF:6
LH:6
BRF:0
BRH:0
end_of_record
TN:
SF:/Users/primary/Projects/audits/0x/system_audit/packages/contracts/src/2.0.0/test/TestExchangeInternals/TestExchangeInternals.sol
FN:29,
FN:41,publicAddFillResults
FN:54,publicCalculateFillResults
FN:70,publicGetPartialAmount
FN:87,publicIsRoundingError
FN:104,publicUpdateFilledState
FNF:6
FNH:6
FNDA:1,
FNDA:2494,publicAddFillResults
FNDA:729,publicCalculateFillResults
FNDA:2998,publicGetPartialAmount
FNDA:729,publicIsRoundingError
FNDA:405,publicUpdateFilledState
DA:29,1
DA:31,1
DA:41,2494
DA:46,81
DA:47,65
DA:54,729
DA:62,729
DA:70,2998
DA:79,1643
DA:87,729
DA:96,729
DA:104,405
DA:113,405
LF:13
LH:13
BRF:0
BRH:0
end_of_record
TN:
SF:/Users/primary/Projects/audits/0x/system_audit/packages/contracts/src/2.0.0/test/TestLibBytes/TestLibBytes.sol
FN:31,publicPopLastByte
FN:43,publicPopLast20Bytes
FN:56,publicEquals
FN:65,publicEqualsPop1
FN:79,publicDeepCopyBytes
FN:95,publicReadAddress
FN:111,publicWriteAddress
FN:128,publicReadBytes32
FN:144,publicWriteBytes32
FN:161,publicReadUint256
FN:177,publicWriteUint256
FN:194,publicReadBytes4
FN:210,publicReadBytesWithLength
FN:227,publicWriteBytesWithLength
FN:246,testMemcpy
FNF:15
FNH:15
FNDA:3,publicPopLastByte
FNDA:2,publicPopLast20Bytes
FNDA:6,publicEquals
FNDA:7,publicEqualsPop1
FNDA:4,publicDeepCopyBytes
FNDA:4,publicReadAddress
FNDA:17,publicWriteAddress
FNDA:6,publicReadBytes32
FNDA:4,publicWriteBytes32
FNDA:4,publicReadUint256
FNDA:4,publicWriteUint256
FNDA:2,publicReadBytes4
FNDA:127,publicReadBytesWithLength
FNDA:11,publicWriteBytesWithLength
FNDA:79,testMemcpy
DA:31,3
DA:36,3
DA:37,2
DA:43,2
DA:48,2
DA:49,0
DA:56,6
DA:61,6
DA:62,0
DA:65,7
DA:70,1
DA:71,1
DA:72,1
DA:73,0
DA:79,4
DA:87,4
DA:88,3
DA:95,4
DA:103,4
DA:104,0
DA:111,17
DA:120,17
DA:121,15
DA:128,6
DA:136,4
DA:137,0
DA:144,4
DA:153,4
DA:154,0
DA:161,4
DA:169,4
DA:170,0
DA:177,4
DA:186,4
DA:187,0
DA:194,2
DA:202,2
DA:203,0
DA:210,127
DA:218,30
DA:219,0
DA:227,11
DA:236,11
DA:237,0
DA:246,79
DA:257,79
DA:258,79
DA:261,79
DA:264,79
DA:267,79
LF:50
LH:39
BRF:0
BRH:0
end_of_record
TN:
SF:/Users/primary/Projects/audits/0x/system_audit/packages/contracts/src/2.0.0/test/TestLibs/TestLibs.sol
FN:35,publicAbiEncodeFillOrder
FN:52,publicGetPartialAmount
FN:69,publicIsRoundingError
FN:86,publicGetOrderHash
FN:95,getOrderSchemaHash
FN:103,getDomainSeparatorSchemaHash
FN:111,publicAddFillResults
FNF:7
FNH:7
FNDA:52,publicAbiEncodeFillOrder
FNDA:58,publicGetPartialAmount
FNDA:3,publicIsRoundingError
FNDA:1,publicGetOrderHash
FNDA:1,getOrderSchemaHash
FNDA:2,getDomainSeparatorSchemaHash
FNDA:6,publicAddFillResults
DA:35,52
DA:44,52
DA:49,0
DA:52,58
DA:61,56
DA:66,0
DA:69,3
DA:78,3
DA:83,0
DA:86,1
DA:91,1
DA:92,0
DA:95,1
DA:100,0
DA:103,2
DA:108,2
DA:111,6
DA:116,0
DA:117,0
LF:19
LH:12
BRF:0
BRH:0
end_of_record
TN:
SF:/Users/primary/Projects/audits/0x/system_audit/packages/contracts/src/2.0.0/test/TestSignatureValidator/TestSignatureValidator.sol
FN:30,publicIsValidSignature
FNF:1
FNH:1
FNDA:20,publicIsValidSignature
DA:30,20
DA:39,20
DA:44,0
LF:3
LH:2
BRF:0
BRH:0
end_of_record
TN:
SF:/Users/primary/Projects/audits/0x/system_audit/packages/contracts/src/2.0.0/tokens/ERC20Token/ERC20Token.sol
FN:37,transfer
FN:67,transferFrom
FN:105,approve
FN:120,totalSupply
FN:131,balanceOf
FN:142,allowance
FNF:6
FNH:5
FNDA:19,transfer
FNDA:0,transferFrom
FNDA:507,approve
FNDA:4063,totalSupply
FNDA:3689,balanceOf
FNDA:394,allowance
DA:37,19
DA:41,19
DA:45,18
DA:50,18
DA:51,18
DA:53,18
DA:59,18
DA:67,0
DA:75,0
DA:79,0
DA:83,0
DA:88,0
DA:89,0
DA:90,0
DA:92,0
DA:98,0
DA:105,507
DA:109,154
DA:110,154
DA:115,154
DA:120,4063
DA:125,0
DA:131,3689
DA:136,3689
DA:142,394
DA:147,394
LF:26
LH:16
BRF:0
BRH:0
end_of_record
TN:
SF:/Users/primary/Projects/audits/0x/system_audit/packages/contracts/src/2.0.0/tokens/ERC20Token/IERC20Token.sol
FN:41,transfer
FN:50,transferFrom
FN:62,approve
FN:68,totalSupply
FN:75,balanceOf
FN:83,allowance
FNF:6
FNH:0
FNDA:0,transfer
FNDA:0,transferFrom
FNDA:0,approve
FNDA:0,totalSupply
FNDA:0,balanceOf
FNDA:0,allowance
DA:41,0
DA:50,0
DA:62,0
DA:68,0
DA:75,0
DA:83,0
LF:6
LH:0
BRF:0
BRH:0
end_of_record
TN:
SF:/Users/primary/Projects/audits/0x/system_audit/packages/contracts/src/2.0.0/tokens/ERC20Token/MintableERC20Token.sol
FN:33,_mint
FN:49,_burn
FNF:2
FNH:1
FNDA:1,_mint
FNDA:0,_burn
DA:33,1
DA:36,1
DA:37,1
DA:39,1
DA:49,0
DA:52,0
DA:53,0
DA:55,0
LF:8
LH:4
BRF:0
BRH:0
end_of_record
TN:
SF:/Users/primary/Projects/audits/0x/system_audit/packages/contracts/src/2.0.0/tokens/ERC20Token/UnlimitedAllowanceERC20Token.sol
FN:35,transferFrom
FNF:1
FNH:1
FNDA:360,transferFrom
DA:35,360
DA:43,360
DA:44,360
DA:48,355
DA:52,349
DA:57,349
DA:58,349
DA:59,349
DA:60,348
DA:63,349
DA:69,349
LF:11
LH:11
BRDA:59,9,0,348
BRDA:59,9,1,349
BRF:2
BRH:2
end_of_record
TN:
SF:/Users/primary/Projects/audits/0x/system_audit/packages/contracts/src/2.0.0/tokens/ERC721Token/ERC721Token.sol
FN:58,safeTransferFrom
FN:96,safeTransferFrom
FN:133,approve
FN:156,setApprovalForAll
FN:172,balanceOf
FN:194,transferFrom
FN:241,ownerOf
FN:258,getApproved
FN:270,isApprovedForAll
FNF:9
FNH:8
FNDA:4,safeTransferFrom
FNDA:4,safeTransferFrom
FNDA:200,approve
FNDA:7,setApprovalForAll
FNDA:0,balanceOf
FNDA:52,transferFrom
FNDA:814,ownerOf
FNDA:787,getApproved
FNDA:108,isApprovedForAll
DA:58,4
DA:66,4
DA:72,4
DA:73,4
DA:76,4
DA:77,4
DA:83,3
DA:96,4
DA:103,4
DA:109,4
DA:110,4
DA:113,4
DA:114,4
DA:120,3
DA:133,200
DA:136,74
DA:137,74
DA:142,74
DA:143,74
DA:156,7
DA:159,7
DA:160,7
DA:172,0
DA:177,0
DA:181,0
DA:194,52
DA:201,52
DA:206,52
DA:207,50
DA:212,48
DA:213,48
DA:214,48
DA:221,46
DA:222,36
DA:225,46
DA:226,46
DA:227,46
DA:229,46
DA:241,814
DA:246,814
DA:247,814
DA:251,805
DA:258,787
DA:263,111
DA:270,108
DA:275,108
LF:46
LH:43
BRDA:76,6,0,4
BRDA:76,6,1,4
BRDA:113,15,0,4
BRDA:113,15,1,4
BRDA:138,22,0,74
BRDA:138,22,1,74
BRDA:215,41,0,48
BRDA:215,41,1,33
BRDA:215,42,0,48
BRDA:215,42,1,48
BRDA:221,44,0,36
BRDA:221,44,1,46
BRF:12
BRH:12
end_of_record
TN:
SF:/Users/primary/Projects/audits/0x/system_audit/packages/contracts/src/2.0.0/tokens/ERC721Token/IERC721Receiver.sol
FN:36,onERC721Received
FNF:1
FNH:0
FNDA:0,onERC721Received
DA:36,0
LF:1
LH:0
BRF:0
BRH:0
end_of_record
TN:
SF:/Users/primary/Projects/audits/0x/system_audit/packages/contracts/src/2.0.0/tokens/ERC721Token/IERC721Token.sol
FN:65,safeTransferFrom
FN:79,safeTransferFrom
FN:92,approve
FN:101,setApprovalForAll
FN:109,balanceOf
FN:124,transferFrom
FN:136,ownerOf
FN:145,getApproved
FN:154,isApprovedForAll
FNF:9
FNH:0
FNDA:0,safeTransferFrom
FNDA:0,safeTransferFrom
FNDA:0,approve
FNDA:0,setApprovalForAll
FNDA:0,balanceOf
FNDA:0,transferFrom
FNDA:0,ownerOf
FNDA:0,getApproved
FNDA:0,isApprovedForAll
DA:65,0
DA:79,0
DA:92,0
DA:101,0
DA:109,0
DA:124,0
DA:136,0
DA:145,0
DA:154,0
LF:9
LH:0
BRF:0
BRH:0
end_of_record
TN:
SF:/Users/primary/Projects/audits/0x/system_audit/packages/contracts/src/2.0.0/tokens/ERC721Token/MintableERC721Token.sol
FN:32,_mint
FN:60,_burn
FNF:2
FNH:1
FNDA:77,_mint
FNDA:0,_burn
DA:32,77
DA:35,77
DA:40,77
DA:41,77
DA:46,77
DA:47,77
DA:49,77
DA:60,0
DA:63,0
DA:68,0
DA:69,0
DA:74,0
DA:75,0
DA:77,0
LF:14
LH:7
BRF:0
BRH:0
end_of_record
TN:
SF:/Users/primary/Projects/audits/0x/system_audit/packages/contracts/src/2.0.0/tokens/EtherToken/IEtherToken.sol
FN:27,deposit
FN:31,withdraw
FNF:2
FNH:0
FNDA:0,deposit
FNDA:0,withdraw
DA:27,0
DA:31,0
LF:2
LH:0
BRF:0
BRH:0
end_of_record
TN:
SF:/Users/primary/Projects/audits/0x/system_audit/packages/contracts/src/2.0.0/tokens/EtherToken/WETH9.sol
FN:33,
FN:36,deposit
FN:40,withdraw
FN:47,totalSupply
FN:51,approve
FN:57,transfer
FN:61,transferFrom
FNF:7
FNH:6
FNDA:29,
FNDA:27,deposit
FNDA:13,withdraw
FNDA:469,totalSupply
FNDA:25,approve
FNDA:0,transfer
FNDA:24,transferFrom
DA:33,29
DA:34,29
DA:36,27
DA:37,27
DA:38,27
DA:40,13
DA:41,13
DA:42,12
DA:43,12
DA:44,12
DA:47,469
DA:48,0
DA:51,25
DA:52,1
DA:53,1
DA:54,1
DA:57,0
DA:58,0
DA:61,24
DA:65,24
DA:67,23
DA:68,0
DA:69,0
DA:72,23
DA:73,23
DA:75,23
DA:77,23
LF:27
LH:22
BRDA:67,28,0,0
BRDA:67,28,1,23
BRDA:67,29,0,23
BRDA:67,29,1,23
BRF:4
BRH:3
end_of_record
TN:
SF:/Users/primary/Projects/audits/0x/system_audit/packages/contracts/src/2.0.0/utils/LibBytes/LibBytes.sol
FN:31,rawAddress
FN:45,contentAddress
FN:60,memCopy
FN:168,slice
FN:201,sliceDestructive
FN:230,popLastByte
FN:254,popLast20Bytes
FN:279,equals
FN:297,readAddress
FN:329,writeAddress
FN:375,readBytes32
FN:402,writeBytes32
FN:428,readUint256
FN:443,writeUint256
FN:458,readBytes4
FN:485,readBytesWithLength
FN:515,writeBytesWithLength
FN:541,deepCopyBytes
FNF:18
FNH:16
FNDA:9,rawAddress
FNDA:91,contentAddress
FNDA:91,memCopy
FNDA:0,slice
FNDA:0,sliceDestructive
FNDA:184,popLastByte
FNDA:6,popLast20Bytes
FNDA:34,equals
FNDA:45,readAddress
FNDA:4,writeAddress
FNDA:212,readBytes32
FNDA:8,writeBytes32
FNDA:42,readUint256
FNDA:4,writeUint256
FNDA:37,readBytes4
FNDA:16,readBytesWithLength
FNDA:11,writeBytesWithLength
FNDA:73,deepCopyBytes
DA:31,9
DA:36,9
DA:39,0
DA:45,91
DA:50,91
DA:53,0
DA:60,91
DA:68,91
DA:72,91
DA:80,60
DA:81,6
DA:99,54
DA:100,54
DA:129,21
DA:168,0
DA:177,0
DA:181,0
DA:187,0
DA:188,0
DA:192,0
DA:201,0
DA:210,0
DA:214,0
DA:220,0
DA:224,0
DA:230,184
DA:235,184
DA:241,183
DA:243,183
DA:248,0
DA:254,6
DA:259,6
DA:265,5
DA:267,5
DA:272,0
DA:279,34
DA:290,34
DA:297,45
DA:305,45
DA:313,43
DA:316,43
DA:322,0
DA:329,4
DA:337,4
DA:345,2
DA:348,2
DA:375,212
DA:383,212
DA:389,205
DA:392,205
DA:395,0
DA:402,8
DA:410,8
DA:416,4
DA:419,4
DA:428,42
DA:436,42
DA:443,4
DA:451,4
DA:458,37
DA:466,37
DA:470,36
DA:476,0
DA:485,16
DA:494,16
DA:495,13
DA:499,13
DA:505,12
DA:508,0
DA:515,11
DA:525,11
DA:531,9
DA:541,73
DA:548,4
DA:550,4
DA:554,72
LF:76
LH:57
BRDA:68,11,0,91
BRDA:68,11,1,60
BRDA:80,14,0,6
BRDA:80,14,1,60
BRDA:99,17,0,54
BRDA:99,17,1,21
BRDA:290,48,0,32
BRDA:290,48,1,26
BRF:8
BRH:8
end_of_record
TN:
SF:/Users/primary/Projects/audits/0x/system_audit/packages/contracts/src/2.0.0/utils/Ownable/IOwnable.sol
FN:11,transferOwnership
FNF:1
FNH:0
FNDA:0,transferOwnership
DA:11,0
LF:1
LH:0
BRF:0
BRH:0
end_of_record
TN:
SF:/Users/primary/Projects/audits/0x/system_audit/packages/contracts/src/2.0.0/utils/Ownable/Ownable.sol
FN:16,
FN:22,onlyOwner
FN:30,transferOwnership
FNF:3
FNH:3
FNDA:70,
FNDA:214,onlyOwner
FNDA:2,transferOwnership
DA:16,70
DA:19,70
DA:22,214
DA:23,214
DA:27,0
DA:30,2
DA:32,2
DA:34,2
DA:35,2
LF:9
LH:8
BRDA:34,10,0,2
BRDA:34,10,1,2
BRF:2
BRH:2
end_of_record
TN:
SF:/Users/primary/Projects/audits/0x/system_audit/packages/contracts/src/2.0.0/utils/SafeMath/SafeMath.sol
FN:5,safeMul
FN:21,safeDiv
FN:30,safeSub
FN:42,safeAdd
FN:55,max64
FN:63,min64
FN:71,max256
FN:79,min256
FNF:8
FNH:5
FNDA:2294,safeMul
FNDA:1201,safeDiv
FNDA:404,safeSub
FNDA:938,safeAdd
FNDA:0,max64
FNDA:0,min64
FNDA:0,max256
FNDA:170,min256
DA:5,2294
DA:10,1904
DA:11,177
DA:13,1742
DA:14,2132
DA:18,1324
DA:21,1201
DA:26,1201
DA:27,0
DA:30,404
DA:35,404
DA:39,404
DA:42,938
DA:47,931
DA:48,938
DA:52,452
DA:55,0
DA:60,0
DA:63,0
DA:68,0
DA:71,0
DA:76,0
DA:79,170
DA:84,170
LF:24
LH:17
BRDA:10,3,0,177
BRDA:10,3,1,1904
BRDA:60,24,0,0
BRDA:60,24,1,0
BRDA:68,28,0,0
BRDA:68,28,1,0
BRDA:76,32,0,0
BRDA:76,32,1,0
BRDA:84,36,0,63
BRDA:84,36,1,117
BRF:10
BRH:4
end_of_record
TN:
SF:/Users/primary/Projects/audits/0x/system_audit/packages/contracts/src/2.0.0/protocol/AssetProxyOwner/AssetProxyOwner.sol
FN:38,validRemoveAuthorizedAddressAtIndexTx
FN:51,AssetProxyOwner
FN:71,registerAssetProxy
FN:82,executeRemoveAuthorizedAddressAtIndex
FN:103,readBytes4
FNF:5
FNH:5
FNDA:7,validRemoveAuthorizedAddressAtIndexTx
FNDA:3,AssetProxyOwner
FNDA:4,registerAssetProxy
FNDA:6,executeRemoveAuthorizedAddressAtIndex
FNDA:9,readBytes4
DA:38,7
DA:39,7
DA:40,7
DA:41,5
DA:42,1
DA:51,3
DA:58,3
DA:60,3
DA:61,3
DA:62,2
DA:63,2
DA:71,4
DA:73,4
DA:74,4
DA:76,2
DA:77,2
DA:82,6
DA:84,6
DA:85,6
DA:86,6
DA:88,6
DA:89,2
DA:91,2
DA:92,2
DA:94,0
DA:95,0
DA:103,9
DA:110,9
DA:111,8
DA:117,0
LF:30
LH:27
BRDA:91,26,0,2
BRDA:91,26,1,0
BRF:2
BRH:1
end_of_record
TN:
SF:/Users/primary/Projects/audits/0x/system_audit/packages/contracts/src/2.0.0/test/TestAssetProxyOwner/TestAssetProxyOwner.sol
FN:29,TestAssetProxyOwner
FN:39,testValidRemoveAuthorizedAddressAtIndexTx
FN:51,isFunctionRemoveAuthorizedAddressAtIndex
FN:62,publicReadBytes4
FNF:4
FNH:4
FNDA:1,TestAssetProxyOwner
FNDA:3,testValidRemoveAuthorizedAddressAtIndexTx
FNDA:2,isFunctionRemoveAuthorizedAddressAtIndex
FNDA:2,publicReadBytes4
DA:29,1
DA:36,1
DA:39,3
DA:41,3
DA:45,1
DA:51,2
DA:55,2
DA:62,2
DA:69,2
DA:70,0
LF:10
LH:9
BRF:0
BRH:0
end_of_record
TN:
SF:/Users/primary/Projects/audits/0x/system_audit/packages/contracts/src/1.0.0/ERC20Token/ERC20Token_v1.sol
FN:7,transfer
FN:17,transferFrom
FN:27,balanceOf
FN:31,approve
FN:37,allowance
FNF:5
FNH:4
FNDA:2,transfer
FNDA:0,transferFrom
FNDA:12,balanceOf
FNDA:12,approve
FNDA:3,allowance
DA:7,2
DA:9,2
DA:10,2
DA:11,2
DA:12,2
DA:13,2
DA:14,0
DA:17,0
DA:18,0
DA:19,0
DA:20,0
DA:21,0
DA:22,0
DA:23,0
DA:24,0
DA:27,12
DA:28,12
DA:31,12
DA:32,4
DA:33,4
DA:34,4
DA:37,3
DA:38,3
LF:23
LH:14
BRDA:9,3,0,2
BRDA:9,3,1,0
BRDA:9,4,0,2
BRDA:9,4,1,2
BRDA:18,13,0,0
BRDA:18,13,1,0
BRDA:18,14,0,0
BRDA:18,14,1,0
BRDA:18,15,0,0
BRDA:18,15,1,0
BRF:10
BRH:3
end_of_record
TN:
SF:/Users/primary/Projects/audits/0x/system_audit/packages/contracts/src/1.0.0/Token/Token_v1.sol
FN:6,totalSupply
FN:10,balanceOf
FN:16,transfer
FN:23,transferFrom
FN:29,approve
FN:34,allowance
FNF:6
FNH:0
FNDA:0,totalSupply
FNDA:0,balanceOf
FNDA:0,transfer
FNDA:0,transferFrom
FNDA:0,approve
FNDA:0,allowance
DA:6,0
DA:10,0
DA:16,0
DA:23,0
DA:29,0
DA:34,0
LF:6
LH:0
BRF:0
BRH:0
end_of_record
TN:
SF:/Users/primary/Projects/audits/0x/system_audit/packages/contracts/src/1.0.0/UnlimitedAllowanceToken/UnlimitedAllowanceToken_v1.sol
FN:32,transferFrom
FNF:1
FNH:1
FNDA:6,transferFrom
DA:32,6
DA:36,6
DA:37,6
DA:41,4
DA:42,4
DA:43,4
DA:44,3
DA:46,4
DA:47,4
DA:49,2
LF:10
LH:10
BRDA:37,4,0,4
BRDA:37,4,1,2
BRDA:37,5,0,6
BRDA:37,5,1,4
BRDA:37,6,0,6
BRDA:37,6,1,5
BRDA:43,10,0,3
BRDA:43,10,1,4
BRF:8
BRH:8
end_of_record
TN:
SF:/Users/primary/Projects/audits/0x/system_audit/packages/contracts/src/2.0.0/tokens/ZRXToken/ZRXToken.sol
FN:34,ZRXToken
FNF:1
FNH:1
FNDA:1,ZRXToken
DA:34,1
DA:37,1
LF:2
LH:2
BRF:0
BRH:0
end_of_record
